Build started 2/27/2015 3:12:22 AM.
Project "C:\Users\IEUser\oF\v0.8.4\apps\myApps\VirtualMapper\VirtualMapper.vcxproj" on node 2 (Build target(s)).
Project file contains ToolsVersion="12.0". This toolset may be unknown or missing, in which case you may be able to resolve this by installing the appropriate version of MSBuild, or the build may have been forced to a particular ToolsVersion for policy reasons. Treating the project as if it had ToolsVersion="4.0". For more information, please see http://go.microsoft.com/fwlink/?LinkId=291333.
Project "C:\Users\IEUser\oF\v0.8.4\apps\myApps\VirtualMapper\VirtualMapper.vcxproj" (1) is building "C:\Users\IEUser\oF\v0.8.4\libs\openFrameworksCompiled\project\vs\openframeworksLib.vcxproj" (2) on node 2 (GetTargetPath target(s)).
Project file contains ToolsVersion="12.0". This toolset may be unknown or missing, in which case you may be able to resolve this by installing the appropriate version of MSBuild, or the build may have been forced to a particular ToolsVersion for policy reasons. Treating the project as if it had ToolsVersion="4.0". For more information, please see http://go.microsoft.com/fwlink/?LinkId=291333.
Done Building Project "C:\Users\IEUser\oF\v0.8.4\libs\openFrameworksCompiled\project\vs\openframeworksLib.vcxproj" (GetTargetPath target(s)).
Project "C:\Users\IEUser\oF\v0.8.4\apps\myApps\VirtualMapper\VirtualMapper.vcxproj" (1) is building "C:\Users\IEUser\oF\v0.8.4\libs\openFrameworksCompiled\project\vs\openframeworksLib.vcxproj" (2:2) on node 2 (GetNativeManifest target(s)).
Project file contains ToolsVersion="12.0". This toolset may be unknown or missing, in which case you may be able to resolve this by installing the appropriate version of MSBuild, or the build may have been forced to a particular ToolsVersion for policy reasons. Treating the project as if it had ToolsVersion="4.0". For more information, please see http://go.microsoft.com/fwlink/?LinkId=291333.
Done Building Project "C:\Users\IEUser\oF\v0.8.4\libs\openFrameworksCompiled\project\vs\openframeworksLib.vcxproj" (GetNativeManifest target(s)).
ClCompile:
  C:\Program Files\Microsoft Visual Studio 11.0\VC\bin\CL.exe /c /I.\src\win32 /I..\..\..\libs\openFrameworks /I..\..\..\libs\openFrameworks\graphics /I..\..\..\libs\openFrameworks\app /I..\..\..\libs\openFrameworks\sound /I..\..\..\libs\openFrameworks\utils /I..\..\..\libs\openFrameworks\communication /I..\..\..\libs\openFrameworks\video /I..\..\..\libs\openFrameworks\types /I..\..\..\libs\openFrameworks\math /I..\..\..\libs\openFrameworks\3d /I..\..\..\libs\openFrameworks\gl /I..\..\..\libs\openFrameworks\events /I..\..\..\libs\glut\include /I..\..\..\libs\rtAudio\include /I..\..\..\libs\quicktime\include /I..\..\..\libs\freetype\include /I..\..\..\libs\freetype\include\freetype2 /I..\..\..\libs\freeImage\include /I..\..\..\libs\fmodex\include /I..\..\..\libs\videoInput\include /I..\..\..\libs\glew\include\ /I..\..\..\libs\glu\include /I..\..\..\libs\tess2\include /I..\..\..\libs\cairo\include\cairo /I..\..\..\libs\poco\include /I..\..\..\libs\glfw\include /I..\..\..\libs\openssl\include /I..\..\..\addons /I..\..\..\addons\ofxAssimpModelLoader\libs /I..\..\..\addons\ofxAssimpModelLoader\src /I..\..\..\addons\ofxAssimpModelLoader\libs\assimp /I..\..\..\addons\ofxAssimpModelLoader\libs\assimp\include /I..\..\..\addons\ofxAssimpModelLoader\libs\assimp\include\Compiler /I..\..\..\addons\ofxAssimpModelLoader\libs\assimp\lib /I..\..\..\addons\ofxAssimpModelLoader\libs\assimp\lib\vs /I..\..\..\addons\ofxXmlSettings\libs /I..\..\..\addons\ofxXmlSettings\src /I..\..\..\addons\ofxGrabCam\libs /I..\..\..\addons\ofxGrabCam\src /I..\..\..\addons\ofxSpout\libs /I..\..\..\addons\ofxSpout\src /I..\..\..\addons\ofxUI\libs /I..\..\..\addons\ofxUI\src /ZI /nologo /W3 /WX- /Od /Oy- /D WIN32 /D _DEBUG /D _CONSOLE /D POCO_STATIC /D CAIRO_WIN32_STATIC_BUILD /D DISABLE_SOME_FLOATING_POINT /D _UNICODE /D UNICODE /Gm /EHsc /RTC1 /MDd /GS /fp:precise /Zc:wchar_t /Zc:forScope /Fo"obj\Debug\\" /Fd"obj\Debug\vc110.pdb" /Gd /TP /analyze- /errorReport:prompt ..\..\..\addons\ofxSpout\src\SpoutSDK.cpp src\main.cpp src\ofApp.cpp src\ofAppUtils.cpp
  SpoutSDK.cpp
  Generating Code...
  Compiling...
  main.cpp
c:\users\ieuser\of\v0.8.4\libs\poco\include\poco\streamconverter.h(126): warning C4250: 'Poco::InputStreamConverter' : inherits 'std::basic_istream<_Elem,_Traits>::std::basic_istream<_Elem,_Traits>::_Add_vtordisp1' via dominance
          with
          [
              _Elem=char,
              _Traits=std::char_traits<char>
          ]
          c:\program files\microsoft visual studio 11.0\vc\include\istream(74) : see declaration of 'std::basic_istream<_Elem,_Traits>::_Add_vtordisp1'
          with
          [
              _Elem=char,
              _Traits=std::char_traits<char>
          ]
c:\users\ieuser\of\v0.8.4\libs\poco\include\poco\streamconverter.h(144): warning C4250: 'Poco::OutputStreamConverter' : inherits 'std::basic_ostream<_Elem,_Traits>::std::basic_ostream<_Elem,_Traits>::_Add_vtordisp2' via dominance
          with
          [
              _Elem=char,
              _Traits=std::char_traits<char>
          ]
          c:\program files\microsoft visual studio 11.0\vc\include\ostream(90) : see declaration of 'std::basic_ostream<_Elem,_Traits>::_Add_vtordisp2'
          with
          [
              _Elem=char,
              _Traits=std::char_traits<char>
          ]
c:\users\ieuser\of\v0.8.4\addons\ofxassimpmodelloader\libs\assimp\include\aimesh.h(459): warning C4099: 'aiMesh' : type name first seen using 'class' now seen using 'struct'
          c:\users\ieuser\of\v0.8.4\addons\ofxassimpmodelloader\src\ofxassimpmeshhelper.h(12) : see declaration of 'aiMesh'
c:\users\ieuser\of\v0.8.4\addons\ofxassimpmodelloader\src\ofxassimpmodelloader.h(22): warning C4099: 'aiScene' : type name first seen using 'struct' now seen using 'class'
          c:\users\ieuser\of\v0.8.4\addons\ofxassimpmodelloader\libs\assimp\include\aiscene.h(228) : see declaration of 'aiScene'
c:\users\ieuser\of\v0.8.4\addons\ofxassimpmodelloader\src\ofxassimpmodelloader.h(23): warning C4099: 'aiNode' : type name first seen using 'struct' now seen using 'class'
          c:\users\ieuser\of\v0.8.4\addons\ofxassimpmodelloader\libs\assimp\include\aiscene.h(70) : see declaration of 'aiNode'
c:\users\ieuser\of\v0.8.4\addons\ofxassimpmodelloader\src\ofxassimpmodelloader.h(132): warning C4099: 'aiVector3D' : type name first seen using 'class' now seen using 'struct'
          c:\users\ieuser\of\v0.8.4\addons\ofxassimpmodelloader\libs\assimp\include\aivector3d.h(61) : see declaration of 'aiVector3D'
          c:\users\ieuser\of\v0.8.4\addons\ofxassimpmodelloader\libs\assimp\include\aivector3d.h(61) : see declaration of 'aiVector3D'
c:\users\ieuser\of\v0.8.4\addons\ofxassimpmodelloader\src\ofxassimpmodelloader.h(133): warning C4099: 'aiVector3D' : type name first seen using 'class' now seen using 'struct'
          c:\users\ieuser\of\v0.8.4\addons\ofxassimpmodelloader\libs\assimp\include\aivector3d.h(61) : see declaration of 'aiVector3D'
          c:\users\ieuser\of\v0.8.4\addons\ofxassimpmodelloader\libs\assimp\include\aivector3d.h(61) : see declaration of 'aiVector3D'
  Generating Code...
  Compiling...
  ofApp.cpp
c:\users\ieuser\of\v0.8.4\libs\poco\include\poco\streamconverter.h(126): warning C4250: 'Poco::InputStreamConverter' : inherits 'std::basic_istream<_Elem,_Traits>::std::basic_istream<_Elem,_Traits>::_Add_vtordisp1' via dominance
          with
          [
              _Elem=char,
              _Traits=std::char_traits<char>
          ]
          c:\program files\microsoft visual studio 11.0\vc\include\istream(74) : see declaration of 'std::basic_istream<_Elem,_Traits>::_Add_vtordisp1'
          with
          [
              _Elem=char,
              _Traits=std::char_traits<char>
          ]
c:\users\ieuser\of\v0.8.4\libs\poco\include\poco\streamconverter.h(144): warning C4250: 'Poco::OutputStreamConverter' : inherits 'std::basic_ostream<_Elem,_Traits>::std::basic_ostream<_Elem,_Traits>::_Add_vtordisp2' via dominance
          with
          [
              _Elem=char,
              _Traits=std::char_traits<char>
          ]
          c:\program files\microsoft visual studio 11.0\vc\include\ostream(90) : see declaration of 'std::basic_ostream<_Elem,_Traits>::_Add_vtordisp2'
          with
          [
              _Elem=char,
              _Traits=std::char_traits<char>
          ]
c:\users\ieuser\of\v0.8.4\addons\ofxassimpmodelloader\libs\assimp\include\aimesh.h(459): warning C4099: 'aiMesh' : type name first seen using 'class' now seen using 'struct'
          c:\users\ieuser\of\v0.8.4\addons\ofxassimpmodelloader\src\ofxassimpmeshhelper.h(12) : see declaration of 'aiMesh'
c:\users\ieuser\of\v0.8.4\addons\ofxassimpmodelloader\src\ofxassimpmodelloader.h(22): warning C4099: 'aiScene' : type name first seen using 'struct' now seen using 'class'
          c:\users\ieuser\of\v0.8.4\addons\ofxassimpmodelloader\libs\assimp\include\aiscene.h(228) : see declaration of 'aiScene'
c:\users\ieuser\of\v0.8.4\addons\ofxassimpmodelloader\src\ofxassimpmodelloader.h(23): warning C4099: 'aiNode' : type name first seen using 'struct' now seen using 'class'
          c:\users\ieuser\of\v0.8.4\addons\ofxassimpmodelloader\libs\assimp\include\aiscene.h(70) : see declaration of 'aiNode'
c:\users\ieuser\of\v0.8.4\addons\ofxassimpmodelloader\src\ofxassimpmodelloader.h(132): warning C4099: 'aiVector3D' : type name first seen using 'class' now seen using 'struct'
          c:\users\ieuser\of\v0.8.4\addons\ofxassimpmodelloader\libs\assimp\include\aivector3d.h(61) : see declaration of 'aiVector3D'
          c:\users\ieuser\of\v0.8.4\addons\ofxassimpmodelloader\libs\assimp\include\aivector3d.h(61) : see declaration of 'aiVector3D'
c:\users\ieuser\of\v0.8.4\addons\ofxassimpmodelloader\src\ofxassimpmodelloader.h(133): warning C4099: 'aiVector3D' : type name first seen using 'class' now seen using 'struct'
          c:\users\ieuser\of\v0.8.4\addons\ofxassimpmodelloader\libs\assimp\include\aivector3d.h(61) : see declaration of 'aiVector3D'
          c:\users\ieuser\of\v0.8.4\addons\ofxassimpmodelloader\libs\assimp\include\aivector3d.h(61) : see declaration of 'aiVector3D'
  Generating Code...
  Skipping... (no relevant changes detected)
  ofAppUtils.cpp
Project "C:\Users\IEUser\oF\v0.8.4\apps\myApps\VirtualMapper\VirtualMapper.vcxproj" (1) is building "C:\Users\IEUser\oF\v0.8.4\libs\openFrameworksCompiled\project\vs\openframeworksLib.vcxproj" (2:3) on node 2 (GetResolvedLinkLibs target(s)).
Project file contains ToolsVersion="12.0". This toolset may be unknown or missing, in which case you may be able to resolve this by installing the appropriate version of MSBuild, or the build may have been forced to a particular ToolsVersion for policy reasons. Treating the project as if it had ToolsVersion="4.0". For more information, please see http://go.microsoft.com/fwlink/?LinkId=291333.
Done Building Project "C:\Users\IEUser\oF\v0.8.4\libs\openFrameworksCompiled\project\vs\openframeworksLib.vcxproj" (GetResolvedLinkLibs target(s)).
Link:
  C:\Program Files\Microsoft Visual Studio 11.0\VC\bin\link.exe /ERRORREPORT:PROMPT /OUT:"bin\VirtualMapper_debug.exe" /INCREMENTAL /NOLOGO /LIBPATH:..\..\..\libs\glut\lib\vs /LIBPATH:..\..\..\libs\glfw\lib\vs /LIBPATH:..\..\..\libs\rtAudio\lib\vs /LIBPATH:..\..\..\libs\FreeImage\lib\vs /LIBPATH:..\..\..\libs\freetype\lib\vs /LIBPATH:..\..\..\libs\quicktime\lib\vs /LIBPATH:..\..\..\libs\fmodex\lib\vs /LIBPATH:..\..\..\libs\videoInput\lib\vs /LIBPATH:..\..\..\libs\cairo\lib\vs /LIBPATH:..\..\..\libs\glew\lib\vs /LIBPATH:..\..\..\libs\glu\lib\vs /LIBPATH:..\..\..\libs\openssl\lib\vs /LIBPATH:..\..\..\libs\Poco\lib\vs /LIBPATH:..\..\..\libs\tess2\lib\vs /LIBPATH:..\..\..\addons\ofxAssimpModelLoader\libs\assimp\lib\vs "cairo-static.lib" "pixman-1.lib" msimg32.lib OpenGL32.lib GLu32.lib kernel32.lib setupapi.lib Vfw32.lib comctl32.lib glut32.lib rtAudioD.lib videoInputD.lib libfreetype.lib FreeImage.lib qtmlClient.lib dsound.lib user32.lib gdi32.lib winspool.lib comdlg32.lib advapi32.lib shell32.lib ole32.lib oleaut32.lib uuid.lib glew32s.lib fmodex_vc.lib glu32.lib ssleay32MD.lib libeay32MD.lib crypt32.lib PocoFoundationmdd.lib PocoNetmdd.lib PocoUtilmdd.lib PocoXMLmdd.lib Ws2_32.lib tess2.lib glfw3.lib kernel32.lib user32.lib gdi32.lib winspool.lib comdlg32.lib advapi32.lib shell32.lib ole32.lib oleaut32.lib uuid.lib odbc32.lib odbccp32.lib assimp.lib /NODEFAULTLIB:PocoFoundationmdd.lib /NODEFAULTLIB:atlthunk.lib /NODEFAULTLIB:msvcrt /NODEFAULTLIB:libcmt /NODEFAULTLIB:LIBC /NODEFAULTLIB:LIBCMTD /MANIFEST /MANIFESTUAC:"level='asInvoker' uiAccess='false'" /manifest:embed /DEBUG /PDB:"bin\VirtualMapper_debug.pdb" /SUBSYSTEM:CONSOLE /TLBID:1 /DYNAMICBASE:NO /NXCOMPAT /IMPLIB:"bin\VirtualMapper_debug.lib" /MACHINE:X86 /SAFESEH obj\Debug\icon.res
  obj\Debug\main.obj
  obj\Debug\ofApp.obj
  obj\Debug\ofxAssimpAnimation.obj
  obj\Debug\ofxAssimpMeshHelper.obj
  obj\Debug\ofxAssimpModelLoader.obj
  obj\Debug\ofxAssimpTexture.obj
  obj\Debug\ofxXmlSettings.obj
  obj\Debug\tinyxml.obj
  obj\Debug\tinyxmlerror.obj
  obj\Debug\tinyxmlparser.obj
  obj\Debug\ofxGrabCam.obj
  obj\Debug\SpoutDirectX.obj
  obj\Debug\SpoutGLDXinterop.obj
  obj\Debug\SpoutGLextensions.obj
  obj\Debug\SpoutMemoryShare.obj
  obj\Debug\SpoutReceiver.obj
  obj\Debug\SpoutSDK.obj
  obj\Debug\SpoutSender.obj
  obj\Debug\SpoutSenderNames.obj
  obj\Debug\SpoutSharedMemory.obj
  obj\Debug\ofxUI2DGraph.obj
  obj\Debug\ofxUI2DPad.obj
  obj\Debug\ofxUIBaseDraws.obj
  obj\Debug\ofxUIBiLabelSlider.obj
  obj\Debug\ofxUIButton.obj
  obj\Debug\ofxUICanvas.obj
  obj\Debug\ofxUICircleSlider.obj
  obj\Debug\ofxUIDragableLabelButton.obj
  obj\Debug\ofxUIDropDownList.obj
  obj\Debug\ofxUIEventArgs.obj
  obj\Debug\ofxUIFPS.obj
  obj\Debug\ofxUIFPSSlider.obj
  obj\Debug\ofxUIImage.obj
  obj\Debug\ofxUIImageButton.obj
  obj\Debug\ofxUIImageSampler.obj
  obj\Debug\ofxUIImageSlider.obj
  obj\Debug\ofxUIImageToggle.obj
  obj\Debug\ofxUILabel.obj
  obj\Debug\ofxUILabelButton.obj
  obj\Debug\ofxUILabelToggle.obj
  obj\Debug\ofxUIMinimalSlider.obj
  obj\Debug\ofxUIMovingGraph.obj
  obj\Debug\ofxUIMultiImageButton.obj
  obj\Debug\ofxUIMultiImageToggle.obj
  obj\Debug\ofxUINumberDialer.obj
  obj\Debug\ofxUIRadio.obj
  obj\Debug\ofxUIRangeSlider.obj
  obj\Debug\ofxUIRectangle.obj
  obj\Debug\ofxUIRotarySlider.obj
  obj\Debug\ofxUIScrollableCanvas.obj
  obj\Debug\ofxUISlider.obj
  obj\Debug\ofxUISortableList.obj
  obj\Debug\ofxUISpacer.obj
  obj\Debug\ofxUISpectrum.obj
  obj\Debug\ofxUISuperCanvas.obj
  obj\Debug\ofxUITabBar.obj
  obj\Debug\ofxUITextArea.obj
  obj\Debug\ofxUITextInput.obj
  obj\Debug\ofxUIToggle.obj
  obj\Debug\ofxUIToggleMatrix.obj
  obj\Debug\ofxUIValuePlotter.obj
  obj\Debug\ofxUIWaveform.obj
  obj\Debug\ofxUIWidget.obj
  obj\Debug\ofxUIWidgetWithLabel.obj
  obj\Debug\ofAppUtils.obj
  C:\Users\IEUser\oF\v0.8.4\libs\openFrameworksCompiled\lib\vs\openframeworksLib_debug.lib
  VirtualMapper.vcxproj -> C:\Users\IEUser\oF\v0.8.4\apps\myApps\VirtualMapper\bin\VirtualMapper_debug.exe
Project "C:\Users\IEUser\oF\v0.8.4\apps\myApps\VirtualMapper\VirtualMapper.vcxproj" (1) is building "C:\Users\IEUser\oF\v0.8.4\libs\openFrameworksCompiled\project\vs\openframeworksLib.vcxproj" (2:4) on node 2 (GetCopyToOutputDirectoryItems target(s)).
Project file contains ToolsVersion="12.0". This toolset may be unknown or missing, in which case you may be able to resolve this by installing the appropriate version of MSBuild, or the build may have been forced to a particular ToolsVersion for policy reasons. Treating the project as if it had ToolsVersion="4.0". For more information, please see http://go.microsoft.com/fwlink/?LinkId=291333.
Done Building Project "C:\Users\IEUser\oF\v0.8.4\libs\openFrameworksCompiled\project\vs\openframeworksLib.vcxproj" (GetCopyToOutputDirectoryItems target(s)).
PostBuildEvent:
  xcopy /e /i /y "C:\Users\IEUser\oF\v0.8.4\apps\myApps\VirtualMapper\..\..\..\export\vs\*.dll" "C:\Users\IEUser\oF\v0.8.4\apps\myApps\VirtualMapper\bin"
  :VCEnd
  C:\Users\IEUser\oF\v0.8.4\apps\myApps\VirtualMapper\..\..\..\export\vs\Assimp32.dll
  C:\Users\IEUser\oF\v0.8.4\apps\myApps\VirtualMapper\..\..\..\export\vs\fmodex.dll
  C:\Users\IEUser\oF\v0.8.4\apps\myApps\VirtualMapper\..\..\..\export\vs\fmodexL.dll
  C:\Users\IEUser\oF\v0.8.4\apps\myApps\VirtualMapper\..\..\..\export\vs\FreeImage.dll
  C:\Users\IEUser\oF\v0.8.4\apps\myApps\VirtualMapper\..\..\..\export\vs\FreeType-6.dll
  C:\Users\IEUser\oF\v0.8.4\apps\myApps\VirtualMapper\..\..\..\export\vs\glut32.dll
  C:\Users\IEUser\oF\v0.8.4\apps\myApps\VirtualMapper\..\..\..\export\vs\libeay32.dll
  C:\Users\IEUser\oF\v0.8.4\apps\myApps\VirtualMapper\..\..\..\export\vs\ssleay32.dll
  C:\Users\IEUser\oF\v0.8.4\apps\myApps\VirtualMapper\..\..\..\export\vs\Zlib.dll
  9 File(s) copied
Done Building Project "C:\Users\IEUser\oF\v0.8.4\apps\myApps\VirtualMapper\VirtualMapper.vcxproj" (Build target(s)).

Build succeeded.

Time Elapsed 00:00:20.14
