Build started 2/27/2015 1:15:46 AM.
Project "C:\Users\IEUser\oF\v0.8.4\apps\myApps\VirtualMapper\VirtualMapper.vcxproj" on node 2 (Build target(s)).
ClCompile:
  C:\Program Files\Microsoft Visual Studio 11.0\VC\bin\CL.exe /c /I.\src\win32 /I..\..\..\libs\openFrameworks /I..\..\..\libs\openFrameworks\graphics /I..\..\..\libs\openFrameworks\app /I..\..\..\libs\openFrameworks\sound /I..\..\..\libs\openFrameworks\utils /I..\..\..\libs\openFrameworks\communication /I..\..\..\libs\openFrameworks\video /I..\..\..\libs\openFrameworks\types /I..\..\..\libs\openFrameworks\math /I..\..\..\libs\openFrameworks\3d /I..\..\..\libs\openFrameworks\gl /I..\..\..\libs\openFrameworks\events /I..\..\..\libs\glut\include /I..\..\..\libs\rtAudio\include /I..\..\..\libs\quicktime\include /I..\..\..\libs\freetype\include /I..\..\..\libs\freetype\include\freetype2 /I..\..\..\libs\freeImage\include /I..\..\..\libs\fmodex\include /I..\..\..\libs\videoInput\include /I..\..\..\libs\glew\include\ /I..\..\..\libs\glu\include /I..\..\..\libs\tess2\include /I..\..\..\libs\cairo\include\cairo /I..\..\..\libs\poco\include /I..\..\..\libs\glfw\include /I..\..\..\libs\openssl\include /I..\..\..\addons /I..\..\..\addons\ofxAssimpModelLoader\libs /I..\..\..\addons\ofxAssimpModelLoader\src /I..\..\..\addons\ofxAssimpModelLoader\libs\assimp /I..\..\..\addons\ofxAssimpModelLoader\libs\assimp\include /I..\..\..\addons\ofxAssimpModelLoader\libs\assimp\include\Compiler /I..\..\..\addons\ofxAssimpModelLoader\libs\assimp\lib /I..\..\..\addons\ofxAssimpModelLoader\libs\assimp\lib\vs /I..\..\..\addons\ofxXmlSettings\libs /I..\..\..\addons\ofxXmlSettings\src /I..\..\..\addons\ofxGrabCam\libs /I..\..\..\addons\ofxGrabCam\src /I..\..\..\addons\ofxSpout\libs /I..\..\..\addons\ofxSpout\src /I..\..\..\addons\ofxUI\libs /I..\..\..\addons\ofxUI\src /Zi /nologo /W3 /WX- /O2 /Oy- /D WIN32 /D NDEBUG /D _CONSOLE /D POCO_STATIC /D CAIRO_WIN32_STATIC_BUILD /D DISABLE_SOME_FLOATING_POINT /D _UNICODE /D UNICODE /Gm- /EHsc /MD /GS /fp:precise /Zc:wchar_t /Zc:forScope /Fo"obj\Release\\" /Fd"obj\Release\vc110.pdb" /Gd /TP /analyze- /errorReport:prompt src\main.cpp src\ofApp.cpp ..\..\..\addons\ofxAssimpModelLoader\src\ofxAssimpAnimation.cpp ..\..\..\addons\ofxAssimpModelLoader\src\ofxAssimpMeshHelper.cpp ..\..\..\addons\ofxAssimpModelLoader\src\ofxAssimpModelLoader.cpp ..\..\..\addons\ofxAssimpModelLoader\src\ofxAssimpTexture.cpp ..\..\..\addons\ofxXmlSettings\src\ofxXmlSettings.cpp ..\..\..\addons\ofxXmlSettings\libs\tinyxml.cpp ..\..\..\addons\ofxXmlSettings\libs\tinyxmlerror.cpp ..\..\..\addons\ofxXmlSettings\libs\tinyxmlparser.cpp ..\..\..\addons\ofxGrabCam\src\ofxGrabCam.cpp ..\..\..\addons\ofxSpout\src\SpoutDirectX.cpp ..\..\..\addons\ofxSpout\src\SpoutGLDXinterop.cpp ..\..\..\addons\ofxSpout\src\SpoutGLextensions.cpp ..\..\..\addons\ofxSpout\src\SpoutMemoryShare.cpp ..\..\..\addons\ofxSpout\src\SpoutReceiver.cpp ..\..\..\addons\ofxSpout\src\SpoutSDK.cpp ..\..\..\addons\ofxSpout\src\SpoutSender.cpp ..\..\..\addons\ofxSpout\src\SpoutSenderNames.cpp ..\..\..\addons\ofxSpout\src\SpoutSharedMemory.cpp ..\..\..\addons\ofxUI\src\ofxUI2DGraph.cpp ..\..\..\addons\ofxUI\src\ofxUI2DPad.cpp ..\..\..\addons\ofxUI\src\ofxUIBaseDraws.cpp ..\..\..\addons\ofxUI\src\ofxUIBiLabelSlider.cpp ..\..\..\addons\ofxUI\src\ofxUIButton.cpp ..\..\..\addons\ofxUI\src\ofxUICanvas.cpp ..\..\..\addons\ofxUI\src\ofxUICircleSlider.cpp ..\..\..\addons\ofxUI\src\ofxUIDragableLabelButton.cpp ..\..\..\addons\ofxUI\src\ofxUIDropDownList.cpp ..\..\..\addons\ofxUI\src\ofxUIEventArgs.cpp ..\..\..\addons\ofxUI\src\ofxUIFPS.cpp ..\..\..\addons\ofxUI\src\ofxUIFPSSlider.cpp ..\..\..\addons\ofxUI\src\ofxUIImage.cpp ..\..\..\addons\ofxUI\src\ofxUIImageButton.cpp ..\..\..\addons\ofxUI\src\ofxUIImageSampler.cpp ..\..\..\addons\ofxUI\src\ofxUIImageSlider.cpp ..\..\..\addons\ofxUI\src\ofxUIImageToggle.cpp ..\..\..\addons\ofxUI\src\ofxUILabel.cpp ..\..\..\addons\ofxUI\src\ofxUILabelButton.cpp ..\..\..\addons\ofxUI\src\ofxUILabelToggle.cpp ..\..\..\addons\ofxUI\src\ofxUIMinimalSlider.cpp ..\..\..\addons\ofxUI\src\ofxUIMovingGraph.cpp ..\..\..\addons\ofxUI\src\ofxUIMultiImageButton.cpp ..\..\..\addons\ofxUI\src\ofxUIMultiImageToggle.cpp ..\..\..\addons\ofxUI\src\ofxUINumberDialer.cpp ..\..\..\addons\ofxUI\src\ofxUIRadio.cpp ..\..\..\addons\ofxUI\src\ofxUIRangeSlider.cpp ..\..\..\addons\ofxUI\src\ofxUIRectangle.cpp ..\..\..\addons\ofxUI\src\ofxUIRotarySlider.cpp ..\..\..\addons\ofxUI\src\ofxUIScrollableCanvas.cpp ..\..\..\addons\ofxUI\src\ofxUISlider.cpp ..\..\..\addons\ofxUI\src\ofxUISortableList.cpp ..\..\..\addons\ofxUI\src\ofxUISpacer.cpp ..\..\..\addons\ofxUI\src\ofxUISpectrum.cpp ..\..\..\addons\ofxUI\src\ofxUISuperCanvas.cpp ..\..\..\addons\ofxUI\src\ofxUITabBar.cpp ..\..\..\addons\ofxUI\src\ofxUITextArea.cpp ..\..\..\addons\ofxUI\src\ofxUITextInput.cpp ..\..\..\addons\ofxUI\src\ofxUIToggle.cpp ..\..\..\addons\ofxUI\src\ofxUIToggleMatrix.cpp ..\..\..\addons\ofxUI\src\ofxUIValuePlotter.cpp ..\..\..\addons\ofxUI\src\ofxUIWaveform.cpp ..\..\..\addons\ofxUI\src\ofxUIWidget.cpp ..\..\..\addons\ofxUI\src\ofxUIWidgetWithLabel.cpp src\ofAppUtils.cpp
  main.cpp
C:\Users\IEUser\oF\v0.8.4\libs\poco\include\Poco/StreamConverter.h(126): warning C4250: 'Poco::InputStreamConverter' : inherits 'std::basic_istream<_Elem,_Traits>::std::basic_istream<_Elem,_Traits>::_Add_vtordisp1' via dominance
          with
          [
              _Elem=char,
              _Traits=std::char_traits<char>
          ]
          C:\Program Files\Microsoft Visual Studio 11.0\VC\include\istream(74) : see declaration of 'std::basic_istream<_Elem,_Traits>::_Add_vtordisp1'
          with
          [
              _Elem=char,
              _Traits=std::char_traits<char>
          ]
C:\Users\IEUser\oF\v0.8.4\libs\poco\include\Poco/StreamConverter.h(144): warning C4250: 'Poco::OutputStreamConverter' : inherits 'std::basic_ostream<_Elem,_Traits>::std::basic_ostream<_Elem,_Traits>::_Add_vtordisp2' via dominance
          with
          [
              _Elem=char,
              _Traits=std::char_traits<char>
          ]
          C:\Program Files\Microsoft Visual Studio 11.0\VC\include\ostream(90) : see declaration of 'std::basic_ostream<_Elem,_Traits>::_Add_vtordisp2'
          with
          [
              _Elem=char,
              _Traits=std::char_traits<char>
          ]
c:\users\ieuser\of\v0.8.4\addons\ofxassimpmodelloader\libs\assimp\include\aiMesh.h(459): warning C4099: 'aiMesh' : type name first seen using 'class' now seen using 'struct'
          c:\users\ieuser\of\v0.8.4\addons\ofxassimpmodelloader\src\ofxAssimpMeshHelper.h(12) : see declaration of 'aiMesh'
C:\Users\IEUser\oF\v0.8.4\addons\ofxAssimpModelLoader\src\ofxAssimpModelLoader.h(22): warning C4099: 'aiScene' : type name first seen using 'struct' now seen using 'class'
          C:\Users\IEUser\oF\v0.8.4\addons\ofxAssimpModelLoader\libs\assimp\include\aiScene.h(228) : see declaration of 'aiScene'
C:\Users\IEUser\oF\v0.8.4\addons\ofxAssimpModelLoader\src\ofxAssimpModelLoader.h(23): warning C4099: 'aiNode' : type name first seen using 'struct' now seen using 'class'
          C:\Users\IEUser\oF\v0.8.4\addons\ofxAssimpModelLoader\libs\assimp\include\aiScene.h(70) : see declaration of 'aiNode'
C:\Users\IEUser\oF\v0.8.4\addons\ofxAssimpModelLoader\src\ofxAssimpModelLoader.h(132): warning C4099: 'aiVector3D' : type name first seen using 'class' now seen using 'struct'
          c:\users\ieuser\of\v0.8.4\addons\ofxassimpmodelloader\libs\assimp\include\aiVector3D.h(61) : see declaration of 'aiVector3D'
          c:\users\ieuser\of\v0.8.4\addons\ofxassimpmodelloader\libs\assimp\include\aiVector3D.h(61) : see declaration of 'aiVector3D'
C:\Users\IEUser\oF\v0.8.4\addons\ofxAssimpModelLoader\src\ofxAssimpModelLoader.h(133): warning C4099: 'aiVector3D' : type name first seen using 'class' now seen using 'struct'
          c:\users\ieuser\of\v0.8.4\addons\ofxassimpmodelloader\libs\assimp\include\aiVector3D.h(61) : see declaration of 'aiVector3D'
          c:\users\ieuser\of\v0.8.4\addons\ofxassimpmodelloader\libs\assimp\include\aiVector3D.h(61) : see declaration of 'aiVector3D'
  ofApp.cpp
C:\Users\IEUser\oF\v0.8.4\libs\poco\include\Poco/StreamConverter.h(126): warning C4250: 'Poco::InputStreamConverter' : inherits 'std::basic_istream<_Elem,_Traits>::std::basic_istream<_Elem,_Traits>::_Add_vtordisp1' via dominance
          with
          [
              _Elem=char,
              _Traits=std::char_traits<char>
          ]
          C:\Program Files\Microsoft Visual Studio 11.0\VC\include\istream(74) : see declaration of 'std::basic_istream<_Elem,_Traits>::_Add_vtordisp1'
          with
          [
              _Elem=char,
              _Traits=std::char_traits<char>
          ]
C:\Users\IEUser\oF\v0.8.4\libs\poco\include\Poco/StreamConverter.h(144): warning C4250: 'Poco::OutputStreamConverter' : inherits 'std::basic_ostream<_Elem,_Traits>::std::basic_ostream<_Elem,_Traits>::_Add_vtordisp2' via dominance
          with
          [
              _Elem=char,
              _Traits=std::char_traits<char>
          ]
          C:\Program Files\Microsoft Visual Studio 11.0\VC\include\ostream(90) : see declaration of 'std::basic_ostream<_Elem,_Traits>::_Add_vtordisp2'
          with
          [
              _Elem=char,
              _Traits=std::char_traits<char>
          ]
c:\users\ieuser\of\v0.8.4\addons\ofxassimpmodelloader\libs\assimp\include\aiMesh.h(459): warning C4099: 'aiMesh' : type name first seen using 'class' now seen using 'struct'
          c:\users\ieuser\of\v0.8.4\addons\ofxassimpmodelloader\src\ofxAssimpMeshHelper.h(12) : see declaration of 'aiMesh'
C:\Users\IEUser\oF\v0.8.4\addons\ofxAssimpModelLoader\src\ofxAssimpModelLoader.h(22): warning C4099: 'aiScene' : type name first seen using 'struct' now seen using 'class'
          C:\Users\IEUser\oF\v0.8.4\addons\ofxAssimpModelLoader\libs\assimp\include\aiScene.h(228) : see declaration of 'aiScene'
C:\Users\IEUser\oF\v0.8.4\addons\ofxAssimpModelLoader\src\ofxAssimpModelLoader.h(23): warning C4099: 'aiNode' : type name first seen using 'struct' now seen using 'class'
          C:\Users\IEUser\oF\v0.8.4\addons\ofxAssimpModelLoader\libs\assimp\include\aiScene.h(70) : see declaration of 'aiNode'
C:\Users\IEUser\oF\v0.8.4\addons\ofxAssimpModelLoader\src\ofxAssimpModelLoader.h(132): warning C4099: 'aiVector3D' : type name first seen using 'class' now seen using 'struct'
          c:\users\ieuser\of\v0.8.4\addons\ofxassimpmodelloader\libs\assimp\include\aiVector3D.h(61) : see declaration of 'aiVector3D'
          c:\users\ieuser\of\v0.8.4\addons\ofxassimpmodelloader\libs\assimp\include\aiVector3D.h(61) : see declaration of 'aiVector3D'
C:\Users\IEUser\oF\v0.8.4\addons\ofxAssimpModelLoader\src\ofxAssimpModelLoader.h(133): warning C4099: 'aiVector3D' : type name first seen using 'class' now seen using 'struct'
          c:\users\ieuser\of\v0.8.4\addons\ofxassimpmodelloader\libs\assimp\include\aiVector3D.h(61) : see declaration of 'aiVector3D'
          c:\users\ieuser\of\v0.8.4\addons\ofxassimpmodelloader\libs\assimp\include\aiVector3D.h(61) : see declaration of 'aiVector3D'
  ofxAssimpAnimation.cpp
C:\Users\IEUser\oF\v0.8.4\libs\poco\include\Poco/StreamConverter.h(126): warning C4250: 'Poco::InputStreamConverter' : inherits 'std::basic_istream<_Elem,_Traits>::std::basic_istream<_Elem,_Traits>::_Add_vtordisp1' via dominance
          with
          [
              _Elem=char,
              _Traits=std::char_traits<char>
          ]
          C:\Program Files\Microsoft Visual Studio 11.0\VC\include\istream(74) : see declaration of 'std::basic_istream<_Elem,_Traits>::_Add_vtordisp1'
          with
          [
              _Elem=char,
              _Traits=std::char_traits<char>
          ]
C:\Users\IEUser\oF\v0.8.4\libs\poco\include\Poco/StreamConverter.h(144): warning C4250: 'Poco::OutputStreamConverter' : inherits 'std::basic_ostream<_Elem,_Traits>::std::basic_ostream<_Elem,_Traits>::_Add_vtordisp2' via dominance
          with
          [
              _Elem=char,
              _Traits=std::char_traits<char>
          ]
          C:\Program Files\Microsoft Visual Studio 11.0\VC\include\ostream(90) : see declaration of 'std::basic_ostream<_Elem,_Traits>::_Add_vtordisp2'
          with
          [
              _Elem=char,
              _Traits=std::char_traits<char>
          ]
  ofxAssimpMeshHelper.cpp
C:\Users\IEUser\oF\v0.8.4\libs\poco\include\Poco/StreamConverter.h(126): warning C4250: 'Poco::InputStreamConverter' : inherits 'std::basic_istream<_Elem,_Traits>::std::basic_istream<_Elem,_Traits>::_Add_vtordisp1' via dominance
          with
          [
              _Elem=char,
              _Traits=std::char_traits<char>
          ]
          C:\Program Files\Microsoft Visual Studio 11.0\VC\include\istream(74) : see declaration of 'std::basic_istream<_Elem,_Traits>::_Add_vtordisp1'
          with
          [
              _Elem=char,
              _Traits=std::char_traits<char>
          ]
C:\Users\IEUser\oF\v0.8.4\libs\poco\include\Poco/StreamConverter.h(144): warning C4250: 'Poco::OutputStreamConverter' : inherits 'std::basic_ostream<_Elem,_Traits>::std::basic_ostream<_Elem,_Traits>::_Add_vtordisp2' via dominance
          with
          [
              _Elem=char,
              _Traits=std::char_traits<char>
          ]
          C:\Program Files\Microsoft Visual Studio 11.0\VC\include\ostream(90) : see declaration of 'std::basic_ostream<_Elem,_Traits>::_Add_vtordisp2'
          with
          [
              _Elem=char,
              _Traits=std::char_traits<char>
          ]
C:\Users\IEUser\oF\v0.8.4\addons\ofxAssimpModelLoader\libs\assimp\include\aiMesh.h(459): warning C4099: 'aiMesh' : type name first seen using 'class' now seen using 'struct'
          c:\users\ieuser\of\v0.8.4\addons\ofxassimpmodelloader\src\ofxAssimpMeshHelper.h(12) : see declaration of 'aiMesh'
  ofxAssimpModelLoader.cpp
C:\Users\IEUser\oF\v0.8.4\libs\poco\include\Poco/StreamConverter.h(126): warning C4250: 'Poco::InputStreamConverter' : inherits 'std::basic_istream<_Elem,_Traits>::std::basic_istream<_Elem,_Traits>::_Add_vtordisp1' via dominance
          with
          [
              _Elem=char,
              _Traits=std::char_traits<char>
          ]
          C:\Program Files\Microsoft Visual Studio 11.0\VC\include\istream(74) : see declaration of 'std::basic_istream<_Elem,_Traits>::_Add_vtordisp1'
          with
          [
              _Elem=char,
              _Traits=std::char_traits<char>
          ]
C:\Users\IEUser\oF\v0.8.4\libs\poco\include\Poco/StreamConverter.h(144): warning C4250: 'Poco::OutputStreamConverter' : inherits 'std::basic_ostream<_Elem,_Traits>::std::basic_ostream<_Elem,_Traits>::_Add_vtordisp2' via dominance
          with
          [
              _Elem=char,
              _Traits=std::char_traits<char>
          ]
          C:\Program Files\Microsoft Visual Studio 11.0\VC\include\ostream(90) : see declaration of 'std::basic_ostream<_Elem,_Traits>::_Add_vtordisp2'
          with
          [
              _Elem=char,
              _Traits=std::char_traits<char>
          ]
c:\users\ieuser\of\v0.8.4\addons\ofxassimpmodelloader\libs\assimp\include\aiMesh.h(459): warning C4099: 'aiMesh' : type name first seen using 'class' now seen using 'struct'
          c:\users\ieuser\of\v0.8.4\addons\ofxassimpmodelloader\src\ofxAssimpMeshHelper.h(12) : see declaration of 'aiMesh'
c:\users\ieuser\of\v0.8.4\addons\ofxassimpmodelloader\src\ofxAssimpModelLoader.h(22): warning C4099: 'aiScene' : type name first seen using 'struct' now seen using 'class'
          C:\Users\IEUser\oF\v0.8.4\addons\ofxAssimpModelLoader\libs\assimp\include\aiScene.h(228) : see declaration of 'aiScene'
c:\users\ieuser\of\v0.8.4\addons\ofxassimpmodelloader\src\ofxAssimpModelLoader.h(23): warning C4099: 'aiNode' : type name first seen using 'struct' now seen using 'class'
          C:\Users\IEUser\oF\v0.8.4\addons\ofxAssimpModelLoader\libs\assimp\include\aiScene.h(70) : see declaration of 'aiNode'
c:\users\ieuser\of\v0.8.4\addons\ofxassimpmodelloader\src\ofxAssimpModelLoader.h(132): warning C4099: 'aiVector3D' : type name first seen using 'class' now seen using 'struct'
          c:\users\ieuser\of\v0.8.4\addons\ofxassimpmodelloader\libs\assimp\include\aiVector3D.h(61) : see declaration of 'aiVector3D'
          c:\users\ieuser\of\v0.8.4\addons\ofxassimpmodelloader\libs\assimp\include\aiVector3D.h(61) : see declaration of 'aiVector3D'
c:\users\ieuser\of\v0.8.4\addons\ofxassimpmodelloader\src\ofxAssimpModelLoader.h(133): warning C4099: 'aiVector3D' : type name first seen using 'class' now seen using 'struct'
          c:\users\ieuser\of\v0.8.4\addons\ofxassimpmodelloader\libs\assimp\include\aiVector3D.h(61) : see declaration of 'aiVector3D'
          c:\users\ieuser\of\v0.8.4\addons\ofxassimpmodelloader\libs\assimp\include\aiVector3D.h(61) : see declaration of 'aiVector3D'
..\..\..\addons\ofxAssimpModelLoader\src\ofxAssimpModelLoader.cpp(575): warning C4099: 'aiVector3D' : type name first seen using 'class' now seen using 'struct'
          c:\users\ieuser\of\v0.8.4\addons\ofxassimpmodelloader\libs\assimp\include\aiVector3D.h(61) : see declaration of 'aiVector3D'
          c:\users\ieuser\of\v0.8.4\addons\ofxassimpmodelloader\libs\assimp\include\aiVector3D.h(61) : see declaration of 'aiVector3D'
..\..\..\addons\ofxAssimpModelLoader\src\ofxAssimpModelLoader.cpp(587): warning C4099: 'aiVector3D' : type name first seen using 'class' now seen using 'struct'
          c:\users\ieuser\of\v0.8.4\addons\ofxassimpmodelloader\libs\assimp\include\aiVector3D.h(61) : see declaration of 'aiVector3D'
          c:\users\ieuser\of\v0.8.4\addons\ofxassimpmodelloader\libs\assimp\include\aiVector3D.h(61) : see declaration of 'aiVector3D'
..\..\..\addons\ofxAssimpModelLoader\src\ofxAssimpModelLoader.cpp(598): warning C4099: 'aiVector3D' : type name first seen using 'class' now seen using 'struct'
          c:\users\ieuser\of\v0.8.4\addons\ofxassimpmodelloader\libs\assimp\include\aiVector3D.h(61) : see declaration of 'aiVector3D'
  ofxAssimpTexture.cpp
C:\Users\IEUser\oF\v0.8.4\libs\poco\include\Poco/StreamConverter.h(126): warning C4250: 'Poco::InputStreamConverter' : inherits 'std::basic_istream<_Elem,_Traits>::std::basic_istream<_Elem,_Traits>::_Add_vtordisp1' via dominance
          with
          [
              _Elem=char,
              _Traits=std::char_traits<char>
          ]
          C:\Program Files\Microsoft Visual Studio 11.0\VC\include\istream(74) : see declaration of 'std::basic_istream<_Elem,_Traits>::_Add_vtordisp1'
          with
          [
              _Elem=char,
              _Traits=std::char_traits<char>
          ]
C:\Users\IEUser\oF\v0.8.4\libs\poco\include\Poco/StreamConverter.h(144): warning C4250: 'Poco::OutputStreamConverter' : inherits 'std::basic_ostream<_Elem,_Traits>::std::basic_ostream<_Elem,_Traits>::_Add_vtordisp2' via dominance
          with
          [
              _Elem=char,
              _Traits=std::char_traits<char>
          ]
          C:\Program Files\Microsoft Visual Studio 11.0\VC\include\ostream(90) : see declaration of 'std::basic_ostream<_Elem,_Traits>::_Add_vtordisp2'
          with
          [
              _Elem=char,
              _Traits=std::char_traits<char>
          ]
  ofxXmlSettings.cpp
C:\Users\IEUser\oF\v0.8.4\libs\poco\include\Poco/StreamConverter.h(126): warning C4250: 'Poco::InputStreamConverter' : inherits 'std::basic_istream<_Elem,_Traits>::std::basic_istream<_Elem,_Traits>::_Add_vtordisp1' via dominance
          with
          [
              _Elem=char,
              _Traits=std::char_traits<char>
          ]
          C:\Program Files\Microsoft Visual Studio 11.0\VC\include\istream(74) : see declaration of 'std::basic_istream<_Elem,_Traits>::_Add_vtordisp1'
          with
          [
              _Elem=char,
              _Traits=std::char_traits<char>
          ]
C:\Users\IEUser\oF\v0.8.4\libs\poco\include\Poco/StreamConverter.h(144): warning C4250: 'Poco::OutputStreamConverter' : inherits 'std::basic_ostream<_Elem,_Traits>::std::basic_ostream<_Elem,_Traits>::_Add_vtordisp2' via dominance
          with
          [
              _Elem=char,
              _Traits=std::char_traits<char>
          ]
          C:\Program Files\Microsoft Visual Studio 11.0\VC\include\ostream(90) : see declaration of 'std::basic_ostream<_Elem,_Traits>::_Add_vtordisp2'
          with
          [
              _Elem=char,
              _Traits=std::char_traits<char>
          ]
  tinyxml.cpp
  tinyxmlerror.cpp
  tinyxmlparser.cpp
  ofxGrabCam.cpp
C:\Users\IEUser\oF\v0.8.4\libs\poco\include\Poco/StreamConverter.h(126): warning C4250: 'Poco::InputStreamConverter' : inherits 'std::basic_istream<_Elem,_Traits>::std::basic_istream<_Elem,_Traits>::_Add_vtordisp1' via dominance
          with
          [
              _Elem=char,
              _Traits=std::char_traits<char>
          ]
          C:\Program Files\Microsoft Visual Studio 11.0\VC\include\istream(74) : see declaration of 'std::basic_istream<_Elem,_Traits>::_Add_vtordisp1'
          with
          [
              _Elem=char,
              _Traits=std::char_traits<char>
          ]
C:\Users\IEUser\oF\v0.8.4\libs\poco\include\Poco/StreamConverter.h(144): warning C4250: 'Poco::OutputStreamConverter' : inherits 'std::basic_ostream<_Elem,_Traits>::std::basic_ostream<_Elem,_Traits>::_Add_vtordisp2' via dominance
          with
          [
              _Elem=char,
              _Traits=std::char_traits<char>
          ]
          C:\Program Files\Microsoft Visual Studio 11.0\VC\include\ostream(90) : see declaration of 'std::basic_ostream<_Elem,_Traits>::_Add_vtordisp2'
          with
          [
              _Elem=char,
              _Traits=std::char_traits<char>
          ]
  SpoutDirectX.cpp
  SpoutGLDXinterop.cpp
  SpoutGLextensions.cpp
  SpoutMemoryShare.cpp
  SpoutReceiver.cpp
  SpoutSDK.cpp
  SpoutSender.cpp
  SpoutSenderNames.cpp
  SpoutSharedMemory.cpp
  Generating Code...
  Compiling...
  ofxUI2DGraph.cpp
C:\Users\IEUser\oF\v0.8.4\libs\poco\include\Poco/StreamConverter.h(126): warning C4250: 'Poco::InputStreamConverter' : inherits 'std::basic_istream<_Elem,_Traits>::std::basic_istream<_Elem,_Traits>::_Add_vtordisp1' via dominance
          with
          [
              _Elem=char,
              _Traits=std::char_traits<char>
          ]
          C:\Program Files\Microsoft Visual Studio 11.0\VC\include\istream(74) : see declaration of 'std::basic_istream<_Elem,_Traits>::_Add_vtordisp1'
          with
          [
              _Elem=char,
              _Traits=std::char_traits<char>
          ]
C:\Users\IEUser\oF\v0.8.4\libs\poco\include\Poco/StreamConverter.h(144): warning C4250: 'Poco::OutputStreamConverter' : inherits 'std::basic_ostream<_Elem,_Traits>::std::basic_ostream<_Elem,_Traits>::_Add_vtordisp2' via dominance
          with
          [
              _Elem=char,
              _Traits=std::char_traits<char>
          ]
          C:\Program Files\Microsoft Visual Studio 11.0\VC\include\ostream(90) : see declaration of 'std::basic_ostream<_Elem,_Traits>::_Add_vtordisp2'
          with
          [
              _Elem=char,
              _Traits=std::char_traits<char>
          ]
  ofxUI2DPad.cpp
C:\Users\IEUser\oF\v0.8.4\libs\poco\include\Poco/StreamConverter.h(126): warning C4250: 'Poco::InputStreamConverter' : inherits 'std::basic_istream<_Elem,_Traits>::std::basic_istream<_Elem,_Traits>::_Add_vtordisp1' via dominance
          with
          [
              _Elem=char,
              _Traits=std::char_traits<char>
          ]
          C:\Program Files\Microsoft Visual Studio 11.0\VC\include\istream(74) : see declaration of 'std::basic_istream<_Elem,_Traits>::_Add_vtordisp1'
          with
          [
              _Elem=char,
              _Traits=std::char_traits<char>
          ]
C:\Users\IEUser\oF\v0.8.4\libs\poco\include\Poco/StreamConverter.h(144): warning C4250: 'Poco::OutputStreamConverter' : inherits 'std::basic_ostream<_Elem,_Traits>::std::basic_ostream<_Elem,_Traits>::_Add_vtordisp2' via dominance
          with
          [
              _Elem=char,
              _Traits=std::char_traits<char>
          ]
          C:\Program Files\Microsoft Visual Studio 11.0\VC\include\ostream(90) : see declaration of 'std::basic_ostream<_Elem,_Traits>::_Add_vtordisp2'
          with
          [
              _Elem=char,
              _Traits=std::char_traits<char>
          ]
  ofxUIBaseDraws.cpp
C:\Users\IEUser\oF\v0.8.4\libs\poco\include\Poco/StreamConverter.h(126): warning C4250: 'Poco::InputStreamConverter' : inherits 'std::basic_istream<_Elem,_Traits>::std::basic_istream<_Elem,_Traits>::_Add_vtordisp1' via dominance
          with
          [
              _Elem=char,
              _Traits=std::char_traits<char>
          ]
          C:\Program Files\Microsoft Visual Studio 11.0\VC\include\istream(74) : see declaration of 'std::basic_istream<_Elem,_Traits>::_Add_vtordisp1'
          with
          [
              _Elem=char,
              _Traits=std::char_traits<char>
          ]
C:\Users\IEUser\oF\v0.8.4\libs\poco\include\Poco/StreamConverter.h(144): warning C4250: 'Poco::OutputStreamConverter' : inherits 'std::basic_ostream<_Elem,_Traits>::std::basic_ostream<_Elem,_Traits>::_Add_vtordisp2' via dominance
          with
          [
              _Elem=char,
              _Traits=std::char_traits<char>
          ]
          C:\Program Files\Microsoft Visual Studio 11.0\VC\include\ostream(90) : see declaration of 'std::basic_ostream<_Elem,_Traits>::_Add_vtordisp2'
          with
          [
              _Elem=char,
              _Traits=std::char_traits<char>
          ]
  ofxUIBiLabelSlider.cpp
C:\Users\IEUser\oF\v0.8.4\libs\poco\include\Poco/StreamConverter.h(126): warning C4250: 'Poco::InputStreamConverter' : inherits 'std::basic_istream<_Elem,_Traits>::std::basic_istream<_Elem,_Traits>::_Add_vtordisp1' via dominance
          with
          [
              _Elem=char,
              _Traits=std::char_traits<char>
          ]
          C:\Program Files\Microsoft Visual Studio 11.0\VC\include\istream(74) : see declaration of 'std::basic_istream<_Elem,_Traits>::_Add_vtordisp1'
          with
          [
              _Elem=char,
              _Traits=std::char_traits<char>
          ]
C:\Users\IEUser\oF\v0.8.4\libs\poco\include\Poco/StreamConverter.h(144): warning C4250: 'Poco::OutputStreamConverter' : inherits 'std::basic_ostream<_Elem,_Traits>::std::basic_ostream<_Elem,_Traits>::_Add_vtordisp2' via dominance
          with
          [
              _Elem=char,
              _Traits=std::char_traits<char>
          ]
          C:\Program Files\Microsoft Visual Studio 11.0\VC\include\ostream(90) : see declaration of 'std::basic_ostream<_Elem,_Traits>::_Add_vtordisp2'
          with
          [
              _Elem=char,
              _Traits=std::char_traits<char>
          ]
  ofxUIButton.cpp
C:\Users\IEUser\oF\v0.8.4\libs\poco\include\Poco/StreamConverter.h(126): warning C4250: 'Poco::InputStreamConverter' : inherits 'std::basic_istream<_Elem,_Traits>::std::basic_istream<_Elem,_Traits>::_Add_vtordisp1' via dominance
          with
          [
              _Elem=char,
              _Traits=std::char_traits<char>
          ]
          C:\Program Files\Microsoft Visual Studio 11.0\VC\include\istream(74) : see declaration of 'std::basic_istream<_Elem,_Traits>::_Add_vtordisp1'
          with
          [
              _Elem=char,
              _Traits=std::char_traits<char>
          ]
C:\Users\IEUser\oF\v0.8.4\libs\poco\include\Poco/StreamConverter.h(144): warning C4250: 'Poco::OutputStreamConverter' : inherits 'std::basic_ostream<_Elem,_Traits>::std::basic_ostream<_Elem,_Traits>::_Add_vtordisp2' via dominance
          with
          [
              _Elem=char,
              _Traits=std::char_traits<char>
          ]
          C:\Program Files\Microsoft Visual Studio 11.0\VC\include\ostream(90) : see declaration of 'std::basic_ostream<_Elem,_Traits>::_Add_vtordisp2'
          with
          [
              _Elem=char,
              _Traits=std::char_traits<char>
          ]
  ofxUICanvas.cpp
C:\Users\IEUser\oF\v0.8.4\libs\poco\include\Poco/StreamConverter.h(126): warning C4250: 'Poco::InputStreamConverter' : inherits 'std::basic_istream<_Elem,_Traits>::std::basic_istream<_Elem,_Traits>::_Add_vtordisp1' via dominance
          with
          [
              _Elem=char,
              _Traits=std::char_traits<char>
          ]
          C:\Program Files\Microsoft Visual Studio 11.0\VC\include\istream(74) : see declaration of 'std::basic_istream<_Elem,_Traits>::_Add_vtordisp1'
          with
          [
              _Elem=char,
              _Traits=std::char_traits<char>
          ]
C:\Users\IEUser\oF\v0.8.4\libs\poco\include\Poco/StreamConverter.h(144): warning C4250: 'Poco::OutputStreamConverter' : inherits 'std::basic_ostream<_Elem,_Traits>::std::basic_ostream<_Elem,_Traits>::_Add_vtordisp2' via dominance
          with
          [
              _Elem=char,
              _Traits=std::char_traits<char>
          ]
          C:\Program Files\Microsoft Visual Studio 11.0\VC\include\ostream(90) : see declaration of 'std::basic_ostream<_Elem,_Traits>::_Add_vtordisp2'
          with
          [
              _Elem=char,
              _Traits=std::char_traits<char>
          ]
  ofxUICircleSlider.cpp
C:\Users\IEUser\oF\v0.8.4\libs\poco\include\Poco/StreamConverter.h(126): warning C4250: 'Poco::InputStreamConverter' : inherits 'std::basic_istream<_Elem,_Traits>::std::basic_istream<_Elem,_Traits>::_Add_vtordisp1' via dominance
          with
          [
              _Elem=char,
              _Traits=std::char_traits<char>
          ]
          C:\Program Files\Microsoft Visual Studio 11.0\VC\include\istream(74) : see declaration of 'std::basic_istream<_Elem,_Traits>::_Add_vtordisp1'
          with
          [
              _Elem=char,
              _Traits=std::char_traits<char>
          ]
C:\Users\IEUser\oF\v0.8.4\libs\poco\include\Poco/StreamConverter.h(144): warning C4250: 'Poco::OutputStreamConverter' : inherits 'std::basic_ostream<_Elem,_Traits>::std::basic_ostream<_Elem,_Traits>::_Add_vtordisp2' via dominance
          with
          [
              _Elem=char,
              _Traits=std::char_traits<char>
          ]
          C:\Program Files\Microsoft Visual Studio 11.0\VC\include\ostream(90) : see declaration of 'std::basic_ostream<_Elem,_Traits>::_Add_vtordisp2'
          with
          [
              _Elem=char,
              _Traits=std::char_traits<char>
          ]
  ofxUIDragableLabelButton.cpp
C:\Users\IEUser\oF\v0.8.4\libs\poco\include\Poco/StreamConverter.h(126): warning C4250: 'Poco::InputStreamConverter' : inherits 'std::basic_istream<_Elem,_Traits>::std::basic_istream<_Elem,_Traits>::_Add_vtordisp1' via dominance
          with
          [
              _Elem=char,
              _Traits=std::char_traits<char>
          ]
          C:\Program Files\Microsoft Visual Studio 11.0\VC\include\istream(74) : see declaration of 'std::basic_istream<_Elem,_Traits>::_Add_vtordisp1'
          with
          [
              _Elem=char,
              _Traits=std::char_traits<char>
          ]
C:\Users\IEUser\oF\v0.8.4\libs\poco\include\Poco/StreamConverter.h(144): warning C4250: 'Poco::OutputStreamConverter' : inherits 'std::basic_ostream<_Elem,_Traits>::std::basic_ostream<_Elem,_Traits>::_Add_vtordisp2' via dominance
          with
          [
              _Elem=char,
              _Traits=std::char_traits<char>
          ]
          C:\Program Files\Microsoft Visual Studio 11.0\VC\include\ostream(90) : see declaration of 'std::basic_ostream<_Elem,_Traits>::_Add_vtordisp2'
          with
          [
              _Elem=char,
              _Traits=std::char_traits<char>
          ]
  ofxUIDropDownList.cpp
C:\Users\IEUser\oF\v0.8.4\libs\poco\include\Poco/StreamConverter.h(126): warning C4250: 'Poco::InputStreamConverter' : inherits 'std::basic_istream<_Elem,_Traits>::std::basic_istream<_Elem,_Traits>::_Add_vtordisp1' via dominance
          with
          [
              _Elem=char,
              _Traits=std::char_traits<char>
          ]
          C:\Program Files\Microsoft Visual Studio 11.0\VC\include\istream(74) : see declaration of 'std::basic_istream<_Elem,_Traits>::_Add_vtordisp1'
          with
          [
              _Elem=char,
              _Traits=std::char_traits<char>
          ]
C:\Users\IEUser\oF\v0.8.4\libs\poco\include\Poco/StreamConverter.h(144): warning C4250: 'Poco::OutputStreamConverter' : inherits 'std::basic_ostream<_Elem,_Traits>::std::basic_ostream<_Elem,_Traits>::_Add_vtordisp2' via dominance
          with
          [
              _Elem=char,
              _Traits=std::char_traits<char>
          ]
          C:\Program Files\Microsoft Visual Studio 11.0\VC\include\ostream(90) : see declaration of 'std::basic_ostream<_Elem,_Traits>::_Add_vtordisp2'
          with
          [
              _Elem=char,
              _Traits=std::char_traits<char>
          ]
  ofxUIEventArgs.cpp
C:\Users\IEUser\oF\v0.8.4\libs\poco\include\Poco/StreamConverter.h(126): warning C4250: 'Poco::InputStreamConverter' : inherits 'std::basic_istream<_Elem,_Traits>::std::basic_istream<_Elem,_Traits>::_Add_vtordisp1' via dominance
          with
          [
              _Elem=char,
              _Traits=std::char_traits<char>
          ]
          C:\Program Files\Microsoft Visual Studio 11.0\VC\include\istream(74) : see declaration of 'std::basic_istream<_Elem,_Traits>::_Add_vtordisp1'
          with
          [
              _Elem=char,
              _Traits=std::char_traits<char>
          ]
C:\Users\IEUser\oF\v0.8.4\libs\poco\include\Poco/StreamConverter.h(144): warning C4250: 'Poco::OutputStreamConverter' : inherits 'std::basic_ostream<_Elem,_Traits>::std::basic_ostream<_Elem,_Traits>::_Add_vtordisp2' via dominance
          with
          [
              _Elem=char,
              _Traits=std::char_traits<char>
          ]
          C:\Program Files\Microsoft Visual Studio 11.0\VC\include\ostream(90) : see declaration of 'std::basic_ostream<_Elem,_Traits>::_Add_vtordisp2'
          with
          [
              _Elem=char,
              _Traits=std::char_traits<char>
          ]
  ofxUIFPS.cpp
C:\Users\IEUser\oF\v0.8.4\libs\poco\include\Poco/StreamConverter.h(126): warning C4250: 'Poco::InputStreamConverter' : inherits 'std::basic_istream<_Elem,_Traits>::std::basic_istream<_Elem,_Traits>::_Add_vtordisp1' via dominance
          with
          [
              _Elem=char,
              _Traits=std::char_traits<char>
          ]
          C:\Program Files\Microsoft Visual Studio 11.0\VC\include\istream(74) : see declaration of 'std::basic_istream<_Elem,_Traits>::_Add_vtordisp1'
          with
          [
              _Elem=char,
              _Traits=std::char_traits<char>
          ]
C:\Users\IEUser\oF\v0.8.4\libs\poco\include\Poco/StreamConverter.h(144): warning C4250: 'Poco::OutputStreamConverter' : inherits 'std::basic_ostream<_Elem,_Traits>::std::basic_ostream<_Elem,_Traits>::_Add_vtordisp2' via dominance
          with
          [
              _Elem=char,
              _Traits=std::char_traits<char>
          ]
          C:\Program Files\Microsoft Visual Studio 11.0\VC\include\ostream(90) : see declaration of 'std::basic_ostream<_Elem,_Traits>::_Add_vtordisp2'
          with
          [
              _Elem=char,
              _Traits=std::char_traits<char>
          ]
  ofxUIFPSSlider.cpp
C:\Users\IEUser\oF\v0.8.4\libs\poco\include\Poco/StreamConverter.h(126): warning C4250: 'Poco::InputStreamConverter' : inherits 'std::basic_istream<_Elem,_Traits>::std::basic_istream<_Elem,_Traits>::_Add_vtordisp1' via dominance
          with
          [
              _Elem=char,
              _Traits=std::char_traits<char>
          ]
          C:\Program Files\Microsoft Visual Studio 11.0\VC\include\istream(74) : see declaration of 'std::basic_istream<_Elem,_Traits>::_Add_vtordisp1'
          with
          [
              _Elem=char,
              _Traits=std::char_traits<char>
          ]
C:\Users\IEUser\oF\v0.8.4\libs\poco\include\Poco/StreamConverter.h(144): warning C4250: 'Poco::OutputStreamConverter' : inherits 'std::basic_ostream<_Elem,_Traits>::std::basic_ostream<_Elem,_Traits>::_Add_vtordisp2' via dominance
          with
          [
              _Elem=char,
              _Traits=std::char_traits<char>
          ]
          C:\Program Files\Microsoft Visual Studio 11.0\VC\include\ostream(90) : see declaration of 'std::basic_ostream<_Elem,_Traits>::_Add_vtordisp2'
          with
          [
              _Elem=char,
              _Traits=std::char_traits<char>
          ]
  ofxUIImage.cpp
C:\Users\IEUser\oF\v0.8.4\libs\poco\include\Poco/StreamConverter.h(126): warning C4250: 'Poco::InputStreamConverter' : inherits 'std::basic_istream<_Elem,_Traits>::std::basic_istream<_Elem,_Traits>::_Add_vtordisp1' via dominance
          with
          [
              _Elem=char,
              _Traits=std::char_traits<char>
          ]
          C:\Program Files\Microsoft Visual Studio 11.0\VC\include\istream(74) : see declaration of 'std::basic_istream<_Elem,_Traits>::_Add_vtordisp1'
          with
          [
              _Elem=char,
              _Traits=std::char_traits<char>
          ]
C:\Users\IEUser\oF\v0.8.4\libs\poco\include\Poco/StreamConverter.h(144): warning C4250: 'Poco::OutputStreamConverter' : inherits 'std::basic_ostream<_Elem,_Traits>::std::basic_ostream<_Elem,_Traits>::_Add_vtordisp2' via dominance
          with
          [
              _Elem=char,
              _Traits=std::char_traits<char>
          ]
          C:\Program Files\Microsoft Visual Studio 11.0\VC\include\ostream(90) : see declaration of 'std::basic_ostream<_Elem,_Traits>::_Add_vtordisp2'
          with
          [
              _Elem=char,
              _Traits=std::char_traits<char>
          ]
  ofxUIImageButton.cpp
C:\Users\IEUser\oF\v0.8.4\libs\poco\include\Poco/StreamConverter.h(126): warning C4250: 'Poco::InputStreamConverter' : inherits 'std::basic_istream<_Elem,_Traits>::std::basic_istream<_Elem,_Traits>::_Add_vtordisp1' via dominance
          with
          [
              _Elem=char,
              _Traits=std::char_traits<char>
          ]
          C:\Program Files\Microsoft Visual Studio 11.0\VC\include\istream(74) : see declaration of 'std::basic_istream<_Elem,_Traits>::_Add_vtordisp1'
          with
          [
              _Elem=char,
              _Traits=std::char_traits<char>
          ]
C:\Users\IEUser\oF\v0.8.4\libs\poco\include\Poco/StreamConverter.h(144): warning C4250: 'Poco::OutputStreamConverter' : inherits 'std::basic_ostream<_Elem,_Traits>::std::basic_ostream<_Elem,_Traits>::_Add_vtordisp2' via dominance
          with
          [
              _Elem=char,
              _Traits=std::char_traits<char>
          ]
          C:\Program Files\Microsoft Visual Studio 11.0\VC\include\ostream(90) : see declaration of 'std::basic_ostream<_Elem,_Traits>::_Add_vtordisp2'
          with
          [
              _Elem=char,
              _Traits=std::char_traits<char>
          ]
  ofxUIImageSampler.cpp
C:\Users\IEUser\oF\v0.8.4\libs\poco\include\Poco/StreamConverter.h(126): warning C4250: 'Poco::InputStreamConverter' : inherits 'std::basic_istream<_Elem,_Traits>::std::basic_istream<_Elem,_Traits>::_Add_vtordisp1' via dominance
          with
          [
              _Elem=char,
              _Traits=std::char_traits<char>
          ]
          C:\Program Files\Microsoft Visual Studio 11.0\VC\include\istream(74) : see declaration of 'std::basic_istream<_Elem,_Traits>::_Add_vtordisp1'
          with
          [
              _Elem=char,
              _Traits=std::char_traits<char>
          ]
C:\Users\IEUser\oF\v0.8.4\libs\poco\include\Poco/StreamConverter.h(144): warning C4250: 'Poco::OutputStreamConverter' : inherits 'std::basic_ostream<_Elem,_Traits>::std::basic_ostream<_Elem,_Traits>::_Add_vtordisp2' via dominance
          with
          [
              _Elem=char,
              _Traits=std::char_traits<char>
          ]
          C:\Program Files\Microsoft Visual Studio 11.0\VC\include\ostream(90) : see declaration of 'std::basic_ostream<_Elem,_Traits>::_Add_vtordisp2'
          with
          [
              _Elem=char,
              _Traits=std::char_traits<char>
          ]
  ofxUIImageSlider.cpp
C:\Users\IEUser\oF\v0.8.4\libs\poco\include\Poco/StreamConverter.h(126): warning C4250: 'Poco::InputStreamConverter' : inherits 'std::basic_istream<_Elem,_Traits>::std::basic_istream<_Elem,_Traits>::_Add_vtordisp1' via dominance
          with
          [
              _Elem=char,
              _Traits=std::char_traits<char>
          ]
          C:\Program Files\Microsoft Visual Studio 11.0\VC\include\istream(74) : see declaration of 'std::basic_istream<_Elem,_Traits>::_Add_vtordisp1'
          with
          [
              _Elem=char,
              _Traits=std::char_traits<char>
          ]
C:\Users\IEUser\oF\v0.8.4\libs\poco\include\Poco/StreamConverter.h(144): warning C4250: 'Poco::OutputStreamConverter' : inherits 'std::basic_ostream<_Elem,_Traits>::std::basic_ostream<_Elem,_Traits>::_Add_vtordisp2' via dominance
          with
          [
              _Elem=char,
              _Traits=std::char_traits<char>
          ]
          C:\Program Files\Microsoft Visual Studio 11.0\VC\include\ostream(90) : see declaration of 'std::basic_ostream<_Elem,_Traits>::_Add_vtordisp2'
          with
          [
              _Elem=char,
              _Traits=std::char_traits<char>
          ]
  ofxUIImageToggle.cpp
C:\Users\IEUser\oF\v0.8.4\libs\poco\include\Poco/StreamConverter.h(126): warning C4250: 'Poco::InputStreamConverter' : inherits 'std::basic_istream<_Elem,_Traits>::std::basic_istream<_Elem,_Traits>::_Add_vtordisp1' via dominance
          with
          [
              _Elem=char,
              _Traits=std::char_traits<char>
          ]
          C:\Program Files\Microsoft Visual Studio 11.0\VC\include\istream(74) : see declaration of 'std::basic_istream<_Elem,_Traits>::_Add_vtordisp1'
          with
          [
              _Elem=char,
              _Traits=std::char_traits<char>
          ]
C:\Users\IEUser\oF\v0.8.4\libs\poco\include\Poco/StreamConverter.h(144): warning C4250: 'Poco::OutputStreamConverter' : inherits 'std::basic_ostream<_Elem,_Traits>::std::basic_ostream<_Elem,_Traits>::_Add_vtordisp2' via dominance
          with
          [
              _Elem=char,
              _Traits=std::char_traits<char>
          ]
          C:\Program Files\Microsoft Visual Studio 11.0\VC\include\ostream(90) : see declaration of 'std::basic_ostream<_Elem,_Traits>::_Add_vtordisp2'
          with
          [
              _Elem=char,
              _Traits=std::char_traits<char>
          ]
  ofxUILabel.cpp
C:\Users\IEUser\oF\v0.8.4\libs\poco\include\Poco/StreamConverter.h(126): warning C4250: 'Poco::InputStreamConverter' : inherits 'std::basic_istream<_Elem,_Traits>::std::basic_istream<_Elem,_Traits>::_Add_vtordisp1' via dominance
          with
          [
              _Elem=char,
              _Traits=std::char_traits<char>
          ]
          C:\Program Files\Microsoft Visual Studio 11.0\VC\include\istream(74) : see declaration of 'std::basic_istream<_Elem,_Traits>::_Add_vtordisp1'
          with
          [
              _Elem=char,
              _Traits=std::char_traits<char>
          ]
C:\Users\IEUser\oF\v0.8.4\libs\poco\include\Poco/StreamConverter.h(144): warning C4250: 'Poco::OutputStreamConverter' : inherits 'std::basic_ostream<_Elem,_Traits>::std::basic_ostream<_Elem,_Traits>::_Add_vtordisp2' via dominance
          with
          [
              _Elem=char,
              _Traits=std::char_traits<char>
          ]
          C:\Program Files\Microsoft Visual Studio 11.0\VC\include\ostream(90) : see declaration of 'std::basic_ostream<_Elem,_Traits>::_Add_vtordisp2'
          with
          [
              _Elem=char,
              _Traits=std::char_traits<char>
          ]
  ofxUILabelButton.cpp
C:\Users\IEUser\oF\v0.8.4\libs\poco\include\Poco/StreamConverter.h(126): warning C4250: 'Poco::InputStreamConverter' : inherits 'std::basic_istream<_Elem,_Traits>::std::basic_istream<_Elem,_Traits>::_Add_vtordisp1' via dominance
          with
          [
              _Elem=char,
              _Traits=std::char_traits<char>
          ]
          C:\Program Files\Microsoft Visual Studio 11.0\VC\include\istream(74) : see declaration of 'std::basic_istream<_Elem,_Traits>::_Add_vtordisp1'
          with
          [
              _Elem=char,
              _Traits=std::char_traits<char>
          ]
C:\Users\IEUser\oF\v0.8.4\libs\poco\include\Poco/StreamConverter.h(144): warning C4250: 'Poco::OutputStreamConverter' : inherits 'std::basic_ostream<_Elem,_Traits>::std::basic_ostream<_Elem,_Traits>::_Add_vtordisp2' via dominance
          with
          [
              _Elem=char,
              _Traits=std::char_traits<char>
          ]
          C:\Program Files\Microsoft Visual Studio 11.0\VC\include\ostream(90) : see declaration of 'std::basic_ostream<_Elem,_Traits>::_Add_vtordisp2'
          with
          [
              _Elem=char,
              _Traits=std::char_traits<char>
          ]
  ofxUILabelToggle.cpp
C:\Users\IEUser\oF\v0.8.4\libs\poco\include\Poco/StreamConverter.h(126): warning C4250: 'Poco::InputStreamConverter' : inherits 'std::basic_istream<_Elem,_Traits>::std::basic_istream<_Elem,_Traits>::_Add_vtordisp1' via dominance
          with
          [
              _Elem=char,
              _Traits=std::char_traits<char>
          ]
          C:\Program Files\Microsoft Visual Studio 11.0\VC\include\istream(74) : see declaration of 'std::basic_istream<_Elem,_Traits>::_Add_vtordisp1'
          with
          [
              _Elem=char,
              _Traits=std::char_traits<char>
          ]
C:\Users\IEUser\oF\v0.8.4\libs\poco\include\Poco/StreamConverter.h(144): warning C4250: 'Poco::OutputStreamConverter' : inherits 'std::basic_ostream<_Elem,_Traits>::std::basic_ostream<_Elem,_Traits>::_Add_vtordisp2' via dominance
          with
          [
              _Elem=char,
              _Traits=std::char_traits<char>
          ]
          C:\Program Files\Microsoft Visual Studio 11.0\VC\include\ostream(90) : see declaration of 'std::basic_ostream<_Elem,_Traits>::_Add_vtordisp2'
          with
          [
              _Elem=char,
              _Traits=std::char_traits<char>
          ]
  Generating Code...
  Compiling...
  ofxUIMinimalSlider.cpp
C:\Users\IEUser\oF\v0.8.4\libs\poco\include\Poco/StreamConverter.h(126): warning C4250: 'Poco::InputStreamConverter' : inherits 'std::basic_istream<_Elem,_Traits>::std::basic_istream<_Elem,_Traits>::_Add_vtordisp1' via dominance
          with
          [
              _Elem=char,
              _Traits=std::char_traits<char>
          ]
          C:\Program Files\Microsoft Visual Studio 11.0\VC\include\istream(74) : see declaration of 'std::basic_istream<_Elem,_Traits>::_Add_vtordisp1'
          with
          [
              _Elem=char,
              _Traits=std::char_traits<char>
          ]
C:\Users\IEUser\oF\v0.8.4\libs\poco\include\Poco/StreamConverter.h(144): warning C4250: 'Poco::OutputStreamConverter' : inherits 'std::basic_ostream<_Elem,_Traits>::std::basic_ostream<_Elem,_Traits>::_Add_vtordisp2' via dominance
          with
          [
              _Elem=char,
              _Traits=std::char_traits<char>
          ]
          C:\Program Files\Microsoft Visual Studio 11.0\VC\include\ostream(90) : see declaration of 'std::basic_ostream<_Elem,_Traits>::_Add_vtordisp2'
          with
          [
              _Elem=char,
              _Traits=std::char_traits<char>
          ]
  ofxUIMovingGraph.cpp
C:\Users\IEUser\oF\v0.8.4\libs\poco\include\Poco/StreamConverter.h(126): warning C4250: 'Poco::InputStreamConverter' : inherits 'std::basic_istream<_Elem,_Traits>::std::basic_istream<_Elem,_Traits>::_Add_vtordisp1' via dominance
          with
          [
              _Elem=char,
              _Traits=std::char_traits<char>
          ]
          C:\Program Files\Microsoft Visual Studio 11.0\VC\include\istream(74) : see declaration of 'std::basic_istream<_Elem,_Traits>::_Add_vtordisp1'
          with
          [
              _Elem=char,
              _Traits=std::char_traits<char>
          ]
C:\Users\IEUser\oF\v0.8.4\libs\poco\include\Poco/StreamConverter.h(144): warning C4250: 'Poco::OutputStreamConverter' : inherits 'std::basic_ostream<_Elem,_Traits>::std::basic_ostream<_Elem,_Traits>::_Add_vtordisp2' via dominance
          with
          [
              _Elem=char,
              _Traits=std::char_traits<char>
          ]
          C:\Program Files\Microsoft Visual Studio 11.0\VC\include\ostream(90) : see declaration of 'std::basic_ostream<_Elem,_Traits>::_Add_vtordisp2'
          with
          [
              _Elem=char,
              _Traits=std::char_traits<char>
          ]
  ofxUIMultiImageButton.cpp
C:\Users\IEUser\oF\v0.8.4\libs\poco\include\Poco/StreamConverter.h(126): warning C4250: 'Poco::InputStreamConverter' : inherits 'std::basic_istream<_Elem,_Traits>::std::basic_istream<_Elem,_Traits>::_Add_vtordisp1' via dominance
          with
          [
              _Elem=char,
              _Traits=std::char_traits<char>
          ]
          C:\Program Files\Microsoft Visual Studio 11.0\VC\include\istream(74) : see declaration of 'std::basic_istream<_Elem,_Traits>::_Add_vtordisp1'
          with
          [
              _Elem=char,
              _Traits=std::char_traits<char>
          ]
C:\Users\IEUser\oF\v0.8.4\libs\poco\include\Poco/StreamConverter.h(144): warning C4250: 'Poco::OutputStreamConverter' : inherits 'std::basic_ostream<_Elem,_Traits>::std::basic_ostream<_Elem,_Traits>::_Add_vtordisp2' via dominance
          with
          [
              _Elem=char,
              _Traits=std::char_traits<char>
          ]
          C:\Program Files\Microsoft Visual Studio 11.0\VC\include\ostream(90) : see declaration of 'std::basic_ostream<_Elem,_Traits>::_Add_vtordisp2'
          with
          [
              _Elem=char,
              _Traits=std::char_traits<char>
          ]
  ofxUIMultiImageToggle.cpp
C:\Users\IEUser\oF\v0.8.4\libs\poco\include\Poco/StreamConverter.h(126): warning C4250: 'Poco::InputStreamConverter' : inherits 'std::basic_istream<_Elem,_Traits>::std::basic_istream<_Elem,_Traits>::_Add_vtordisp1' via dominance
          with
          [
              _Elem=char,
              _Traits=std::char_traits<char>
          ]
          C:\Program Files\Microsoft Visual Studio 11.0\VC\include\istream(74) : see declaration of 'std::basic_istream<_Elem,_Traits>::_Add_vtordisp1'
          with
          [
              _Elem=char,
              _Traits=std::char_traits<char>
          ]
C:\Users\IEUser\oF\v0.8.4\libs\poco\include\Poco/StreamConverter.h(144): warning C4250: 'Poco::OutputStreamConverter' : inherits 'std::basic_ostream<_Elem,_Traits>::std::basic_ostream<_Elem,_Traits>::_Add_vtordisp2' via dominance
          with
          [
              _Elem=char,
              _Traits=std::char_traits<char>
          ]
          C:\Program Files\Microsoft Visual Studio 11.0\VC\include\ostream(90) : see declaration of 'std::basic_ostream<_Elem,_Traits>::_Add_vtordisp2'
          with
          [
              _Elem=char,
              _Traits=std::char_traits<char>
          ]
  ofxUINumberDialer.cpp
C:\Users\IEUser\oF\v0.8.4\libs\poco\include\Poco/StreamConverter.h(126): warning C4250: 'Poco::InputStreamConverter' : inherits 'std::basic_istream<_Elem,_Traits>::std::basic_istream<_Elem,_Traits>::_Add_vtordisp1' via dominance
          with
          [
              _Elem=char,
              _Traits=std::char_traits<char>
          ]
          C:\Program Files\Microsoft Visual Studio 11.0\VC\include\istream(74) : see declaration of 'std::basic_istream<_Elem,_Traits>::_Add_vtordisp1'
          with
          [
              _Elem=char,
              _Traits=std::char_traits<char>
          ]
C:\Users\IEUser\oF\v0.8.4\libs\poco\include\Poco/StreamConverter.h(144): warning C4250: 'Poco::OutputStreamConverter' : inherits 'std::basic_ostream<_Elem,_Traits>::std::basic_ostream<_Elem,_Traits>::_Add_vtordisp2' via dominance
          with
          [
              _Elem=char,
              _Traits=std::char_traits<char>
          ]
          C:\Program Files\Microsoft Visual Studio 11.0\VC\include\ostream(90) : see declaration of 'std::basic_ostream<_Elem,_Traits>::_Add_vtordisp2'
          with
          [
              _Elem=char,
              _Traits=std::char_traits<char>
          ]
  ofxUIRadio.cpp
C:\Users\IEUser\oF\v0.8.4\libs\poco\include\Poco/StreamConverter.h(126): warning C4250: 'Poco::InputStreamConverter' : inherits 'std::basic_istream<_Elem,_Traits>::std::basic_istream<_Elem,_Traits>::_Add_vtordisp1' via dominance
          with
          [
              _Elem=char,
              _Traits=std::char_traits<char>
          ]
          C:\Program Files\Microsoft Visual Studio 11.0\VC\include\istream(74) : see declaration of 'std::basic_istream<_Elem,_Traits>::_Add_vtordisp1'
          with
          [
              _Elem=char,
              _Traits=std::char_traits<char>
          ]
C:\Users\IEUser\oF\v0.8.4\libs\poco\include\Poco/StreamConverter.h(144): warning C4250: 'Poco::OutputStreamConverter' : inherits 'std::basic_ostream<_Elem,_Traits>::std::basic_ostream<_Elem,_Traits>::_Add_vtordisp2' via dominance
          with
          [
              _Elem=char,
              _Traits=std::char_traits<char>
          ]
          C:\Program Files\Microsoft Visual Studio 11.0\VC\include\ostream(90) : see declaration of 'std::basic_ostream<_Elem,_Traits>::_Add_vtordisp2'
          with
          [
              _Elem=char,
              _Traits=std::char_traits<char>
          ]
  ofxUIRangeSlider.cpp
C:\Users\IEUser\oF\v0.8.4\libs\poco\include\Poco/StreamConverter.h(126): warning C4250: 'Poco::InputStreamConverter' : inherits 'std::basic_istream<_Elem,_Traits>::std::basic_istream<_Elem,_Traits>::_Add_vtordisp1' via dominance
          with
          [
              _Elem=char,
              _Traits=std::char_traits<char>
          ]
          C:\Program Files\Microsoft Visual Studio 11.0\VC\include\istream(74) : see declaration of 'std::basic_istream<_Elem,_Traits>::_Add_vtordisp1'
          with
          [
              _Elem=char,
              _Traits=std::char_traits<char>
          ]
C:\Users\IEUser\oF\v0.8.4\libs\poco\include\Poco/StreamConverter.h(144): warning C4250: 'Poco::OutputStreamConverter' : inherits 'std::basic_ostream<_Elem,_Traits>::std::basic_ostream<_Elem,_Traits>::_Add_vtordisp2' via dominance
          with
          [
              _Elem=char,
              _Traits=std::char_traits<char>
          ]
          C:\Program Files\Microsoft Visual Studio 11.0\VC\include\ostream(90) : see declaration of 'std::basic_ostream<_Elem,_Traits>::_Add_vtordisp2'
          with
          [
              _Elem=char,
              _Traits=std::char_traits<char>
          ]
  ofxUIRectangle.cpp
C:\Users\IEUser\oF\v0.8.4\libs\poco\include\Poco/StreamConverter.h(126): warning C4250: 'Poco::InputStreamConverter' : inherits 'std::basic_istream<_Elem,_Traits>::std::basic_istream<_Elem,_Traits>::_Add_vtordisp1' via dominance
          with
          [
              _Elem=char,
              _Traits=std::char_traits<char>
          ]
          C:\Program Files\Microsoft Visual Studio 11.0\VC\include\istream(74) : see declaration of 'std::basic_istream<_Elem,_Traits>::_Add_vtordisp1'
          with
          [
              _Elem=char,
              _Traits=std::char_traits<char>
          ]
C:\Users\IEUser\oF\v0.8.4\libs\poco\include\Poco/StreamConverter.h(144): warning C4250: 'Poco::OutputStreamConverter' : inherits 'std::basic_ostream<_Elem,_Traits>::std::basic_ostream<_Elem,_Traits>::_Add_vtordisp2' via dominance
          with
          [
              _Elem=char,
              _Traits=std::char_traits<char>
          ]
          C:\Program Files\Microsoft Visual Studio 11.0\VC\include\ostream(90) : see declaration of 'std::basic_ostream<_Elem,_Traits>::_Add_vtordisp2'
          with
          [
              _Elem=char,
              _Traits=std::char_traits<char>
          ]
  ofxUIRotarySlider.cpp
C:\Users\IEUser\oF\v0.8.4\libs\poco\include\Poco/StreamConverter.h(126): warning C4250: 'Poco::InputStreamConverter' : inherits 'std::basic_istream<_Elem,_Traits>::std::basic_istream<_Elem,_Traits>::_Add_vtordisp1' via dominance
          with
          [
              _Elem=char,
              _Traits=std::char_traits<char>
          ]
          C:\Program Files\Microsoft Visual Studio 11.0\VC\include\istream(74) : see declaration of 'std::basic_istream<_Elem,_Traits>::_Add_vtordisp1'
          with
          [
              _Elem=char,
              _Traits=std::char_traits<char>
          ]
C:\Users\IEUser\oF\v0.8.4\libs\poco\include\Poco/StreamConverter.h(144): warning C4250: 'Poco::OutputStreamConverter' : inherits 'std::basic_ostream<_Elem,_Traits>::std::basic_ostream<_Elem,_Traits>::_Add_vtordisp2' via dominance
          with
          [
              _Elem=char,
              _Traits=std::char_traits<char>
          ]
          C:\Program Files\Microsoft Visual Studio 11.0\VC\include\ostream(90) : see declaration of 'std::basic_ostream<_Elem,_Traits>::_Add_vtordisp2'
          with
          [
              _Elem=char,
              _Traits=std::char_traits<char>
          ]
  ofxUIScrollableCanvas.cpp
C:\Users\IEUser\oF\v0.8.4\libs\poco\include\Poco/StreamConverter.h(126): warning C4250: 'Poco::InputStreamConverter' : inherits 'std::basic_istream<_Elem,_Traits>::std::basic_istream<_Elem,_Traits>::_Add_vtordisp1' via dominance
          with
          [
              _Elem=char,
              _Traits=std::char_traits<char>
          ]
          C:\Program Files\Microsoft Visual Studio 11.0\VC\include\istream(74) : see declaration of 'std::basic_istream<_Elem,_Traits>::_Add_vtordisp1'
          with
          [
              _Elem=char,
              _Traits=std::char_traits<char>
          ]
C:\Users\IEUser\oF\v0.8.4\libs\poco\include\Poco/StreamConverter.h(144): warning C4250: 'Poco::OutputStreamConverter' : inherits 'std::basic_ostream<_Elem,_Traits>::std::basic_ostream<_Elem,_Traits>::_Add_vtordisp2' via dominance
          with
          [
              _Elem=char,
              _Traits=std::char_traits<char>
          ]
          C:\Program Files\Microsoft Visual Studio 11.0\VC\include\ostream(90) : see declaration of 'std::basic_ostream<_Elem,_Traits>::_Add_vtordisp2'
          with
          [
              _Elem=char,
              _Traits=std::char_traits<char>
          ]
  ofxUISlider.cpp
C:\Users\IEUser\oF\v0.8.4\libs\poco\include\Poco/StreamConverter.h(126): warning C4250: 'Poco::InputStreamConverter' : inherits 'std::basic_istream<_Elem,_Traits>::std::basic_istream<_Elem,_Traits>::_Add_vtordisp1' via dominance
          with
          [
              _Elem=char,
              _Traits=std::char_traits<char>
          ]
          C:\Program Files\Microsoft Visual Studio 11.0\VC\include\istream(74) : see declaration of 'std::basic_istream<_Elem,_Traits>::_Add_vtordisp1'
          with
          [
              _Elem=char,
              _Traits=std::char_traits<char>
          ]
C:\Users\IEUser\oF\v0.8.4\libs\poco\include\Poco/StreamConverter.h(144): warning C4250: 'Poco::OutputStreamConverter' : inherits 'std::basic_ostream<_Elem,_Traits>::std::basic_ostream<_Elem,_Traits>::_Add_vtordisp2' via dominance
          with
          [
              _Elem=char,
              _Traits=std::char_traits<char>
          ]
          C:\Program Files\Microsoft Visual Studio 11.0\VC\include\ostream(90) : see declaration of 'std::basic_ostream<_Elem,_Traits>::_Add_vtordisp2'
          with
          [
              _Elem=char,
              _Traits=std::char_traits<char>
          ]
  ofxUISortableList.cpp
C:\Users\IEUser\oF\v0.8.4\libs\poco\include\Poco/StreamConverter.h(126): warning C4250: 'Poco::InputStreamConverter' : inherits 'std::basic_istream<_Elem,_Traits>::std::basic_istream<_Elem,_Traits>::_Add_vtordisp1' via dominance
          with
          [
              _Elem=char,
              _Traits=std::char_traits<char>
          ]
          C:\Program Files\Microsoft Visual Studio 11.0\VC\include\istream(74) : see declaration of 'std::basic_istream<_Elem,_Traits>::_Add_vtordisp1'
          with
          [
              _Elem=char,
              _Traits=std::char_traits<char>
          ]
C:\Users\IEUser\oF\v0.8.4\libs\poco\include\Poco/StreamConverter.h(144): warning C4250: 'Poco::OutputStreamConverter' : inherits 'std::basic_ostream<_Elem,_Traits>::std::basic_ostream<_Elem,_Traits>::_Add_vtordisp2' via dominance
          with
          [
              _Elem=char,
              _Traits=std::char_traits<char>
          ]
          C:\Program Files\Microsoft Visual Studio 11.0\VC\include\ostream(90) : see declaration of 'std::basic_ostream<_Elem,_Traits>::_Add_vtordisp2'
          with
          [
              _Elem=char,
              _Traits=std::char_traits<char>
          ]
  ofxUISpacer.cpp
C:\Users\IEUser\oF\v0.8.4\libs\poco\include\Poco/StreamConverter.h(126): warning C4250: 'Poco::InputStreamConverter' : inherits 'std::basic_istream<_Elem,_Traits>::std::basic_istream<_Elem,_Traits>::_Add_vtordisp1' via dominance
          with
          [
              _Elem=char,
              _Traits=std::char_traits<char>
          ]
          C:\Program Files\Microsoft Visual Studio 11.0\VC\include\istream(74) : see declaration of 'std::basic_istream<_Elem,_Traits>::_Add_vtordisp1'
          with
          [
              _Elem=char,
              _Traits=std::char_traits<char>
          ]
C:\Users\IEUser\oF\v0.8.4\libs\poco\include\Poco/StreamConverter.h(144): warning C4250: 'Poco::OutputStreamConverter' : inherits 'std::basic_ostream<_Elem,_Traits>::std::basic_ostream<_Elem,_Traits>::_Add_vtordisp2' via dominance
          with
          [
              _Elem=char,
              _Traits=std::char_traits<char>
          ]
          C:\Program Files\Microsoft Visual Studio 11.0\VC\include\ostream(90) : see declaration of 'std::basic_ostream<_Elem,_Traits>::_Add_vtordisp2'
          with
          [
              _Elem=char,
              _Traits=std::char_traits<char>
          ]
  ofxUISpectrum.cpp
C:\Users\IEUser\oF\v0.8.4\libs\poco\include\Poco/StreamConverter.h(126): warning C4250: 'Poco::InputStreamConverter' : inherits 'std::basic_istream<_Elem,_Traits>::std::basic_istream<_Elem,_Traits>::_Add_vtordisp1' via dominance
          with
          [
              _Elem=char,
              _Traits=std::char_traits<char>
          ]
          C:\Program Files\Microsoft Visual Studio 11.0\VC\include\istream(74) : see declaration of 'std::basic_istream<_Elem,_Traits>::_Add_vtordisp1'
          with
          [
              _Elem=char,
              _Traits=std::char_traits<char>
          ]
C:\Users\IEUser\oF\v0.8.4\libs\poco\include\Poco/StreamConverter.h(144): warning C4250: 'Poco::OutputStreamConverter' : inherits 'std::basic_ostream<_Elem,_Traits>::std::basic_ostream<_Elem,_Traits>::_Add_vtordisp2' via dominance
          with
          [
              _Elem=char,
              _Traits=std::char_traits<char>
          ]
          C:\Program Files\Microsoft Visual Studio 11.0\VC\include\ostream(90) : see declaration of 'std::basic_ostream<_Elem,_Traits>::_Add_vtordisp2'
          with
          [
              _Elem=char,
              _Traits=std::char_traits<char>
          ]
  ofxUISuperCanvas.cpp
C:\Users\IEUser\oF\v0.8.4\libs\poco\include\Poco/StreamConverter.h(126): warning C4250: 'Poco::InputStreamConverter' : inherits 'std::basic_istream<_Elem,_Traits>::std::basic_istream<_Elem,_Traits>::_Add_vtordisp1' via dominance
          with
          [
              _Elem=char,
              _Traits=std::char_traits<char>
          ]
          C:\Program Files\Microsoft Visual Studio 11.0\VC\include\istream(74) : see declaration of 'std::basic_istream<_Elem,_Traits>::_Add_vtordisp1'
          with
          [
              _Elem=char,
              _Traits=std::char_traits<char>
          ]
C:\Users\IEUser\oF\v0.8.4\libs\poco\include\Poco/StreamConverter.h(144): warning C4250: 'Poco::OutputStreamConverter' : inherits 'std::basic_ostream<_Elem,_Traits>::std::basic_ostream<_Elem,_Traits>::_Add_vtordisp2' via dominance
          with
          [
              _Elem=char,
              _Traits=std::char_traits<char>
          ]
          C:\Program Files\Microsoft Visual Studio 11.0\VC\include\ostream(90) : see declaration of 'std::basic_ostream<_Elem,_Traits>::_Add_vtordisp2'
          with
          [
              _Elem=char,
              _Traits=std::char_traits<char>
          ]
  ofxUITabBar.cpp
C:\Users\IEUser\oF\v0.8.4\libs\poco\include\Poco/StreamConverter.h(126): warning C4250: 'Poco::InputStreamConverter' : inherits 'std::basic_istream<_Elem,_Traits>::std::basic_istream<_Elem,_Traits>::_Add_vtordisp1' via dominance
          with
          [
              _Elem=char,
              _Traits=std::char_traits<char>
          ]
          C:\Program Files\Microsoft Visual Studio 11.0\VC\include\istream(74) : see declaration of 'std::basic_istream<_Elem,_Traits>::_Add_vtordisp1'
          with
          [
              _Elem=char,
              _Traits=std::char_traits<char>
          ]
C:\Users\IEUser\oF\v0.8.4\libs\poco\include\Poco/StreamConverter.h(144): warning C4250: 'Poco::OutputStreamConverter' : inherits 'std::basic_ostream<_Elem,_Traits>::std::basic_ostream<_Elem,_Traits>::_Add_vtordisp2' via dominance
          with
          [
              _Elem=char,
              _Traits=std::char_traits<char>
          ]
          C:\Program Files\Microsoft Visual Studio 11.0\VC\include\ostream(90) : see declaration of 'std::basic_ostream<_Elem,_Traits>::_Add_vtordisp2'
          with
          [
              _Elem=char,
              _Traits=std::char_traits<char>
          ]
  ofxUITextArea.cpp
C:\Users\IEUser\oF\v0.8.4\libs\poco\include\Poco/StreamConverter.h(126): warning C4250: 'Poco::InputStreamConverter' : inherits 'std::basic_istream<_Elem,_Traits>::std::basic_istream<_Elem,_Traits>::_Add_vtordisp1' via dominance
          with
          [
              _Elem=char,
              _Traits=std::char_traits<char>
          ]
          C:\Program Files\Microsoft Visual Studio 11.0\VC\include\istream(74) : see declaration of 'std::basic_istream<_Elem,_Traits>::_Add_vtordisp1'
          with
          [
              _Elem=char,
              _Traits=std::char_traits<char>
          ]
C:\Users\IEUser\oF\v0.8.4\libs\poco\include\Poco/StreamConverter.h(144): warning C4250: 'Poco::OutputStreamConverter' : inherits 'std::basic_ostream<_Elem,_Traits>::std::basic_ostream<_Elem,_Traits>::_Add_vtordisp2' via dominance
          with
          [
              _Elem=char,
              _Traits=std::char_traits<char>
          ]
          C:\Program Files\Microsoft Visual Studio 11.0\VC\include\ostream(90) : see declaration of 'std::basic_ostream<_Elem,_Traits>::_Add_vtordisp2'
          with
          [
              _Elem=char,
              _Traits=std::char_traits<char>
          ]
  ofxUITextInput.cpp
C:\Users\IEUser\oF\v0.8.4\libs\poco\include\Poco/StreamConverter.h(126): warning C4250: 'Poco::InputStreamConverter' : inherits 'std::basic_istream<_Elem,_Traits>::std::basic_istream<_Elem,_Traits>::_Add_vtordisp1' via dominance
          with
          [
              _Elem=char,
              _Traits=std::char_traits<char>
          ]
          C:\Program Files\Microsoft Visual Studio 11.0\VC\include\istream(74) : see declaration of 'std::basic_istream<_Elem,_Traits>::_Add_vtordisp1'
          with
          [
              _Elem=char,
              _Traits=std::char_traits<char>
          ]
C:\Users\IEUser\oF\v0.8.4\libs\poco\include\Poco/StreamConverter.h(144): warning C4250: 'Poco::OutputStreamConverter' : inherits 'std::basic_ostream<_Elem,_Traits>::std::basic_ostream<_Elem,_Traits>::_Add_vtordisp2' via dominance
          with
          [
              _Elem=char,
              _Traits=std::char_traits<char>
          ]
          C:\Program Files\Microsoft Visual Studio 11.0\VC\include\ostream(90) : see declaration of 'std::basic_ostream<_Elem,_Traits>::_Add_vtordisp2'
          with
          [
              _Elem=char,
              _Traits=std::char_traits<char>
          ]
  ofxUIToggle.cpp
C:\Users\IEUser\oF\v0.8.4\libs\poco\include\Poco/StreamConverter.h(126): warning C4250: 'Poco::InputStreamConverter' : inherits 'std::basic_istream<_Elem,_Traits>::std::basic_istream<_Elem,_Traits>::_Add_vtordisp1' via dominance
          with
          [
              _Elem=char,
              _Traits=std::char_traits<char>
          ]
          C:\Program Files\Microsoft Visual Studio 11.0\VC\include\istream(74) : see declaration of 'std::basic_istream<_Elem,_Traits>::_Add_vtordisp1'
          with
          [
              _Elem=char,
              _Traits=std::char_traits<char>
          ]
C:\Users\IEUser\oF\v0.8.4\libs\poco\include\Poco/StreamConverter.h(144): warning C4250: 'Poco::OutputStreamConverter' : inherits 'std::basic_ostream<_Elem,_Traits>::std::basic_ostream<_Elem,_Traits>::_Add_vtordisp2' via dominance
          with
          [
              _Elem=char,
              _Traits=std::char_traits<char>
          ]
          C:\Program Files\Microsoft Visual Studio 11.0\VC\include\ostream(90) : see declaration of 'std::basic_ostream<_Elem,_Traits>::_Add_vtordisp2'
          with
          [
              _Elem=char,
              _Traits=std::char_traits<char>
          ]
  ofxUIToggleMatrix.cpp
C:\Users\IEUser\oF\v0.8.4\libs\poco\include\Poco/StreamConverter.h(126): warning C4250: 'Poco::InputStreamConverter' : inherits 'std::basic_istream<_Elem,_Traits>::std::basic_istream<_Elem,_Traits>::_Add_vtordisp1' via dominance
          with
          [
              _Elem=char,
              _Traits=std::char_traits<char>
          ]
          C:\Program Files\Microsoft Visual Studio 11.0\VC\include\istream(74) : see declaration of 'std::basic_istream<_Elem,_Traits>::_Add_vtordisp1'
          with
          [
              _Elem=char,
              _Traits=std::char_traits<char>
          ]
C:\Users\IEUser\oF\v0.8.4\libs\poco\include\Poco/StreamConverter.h(144): warning C4250: 'Poco::OutputStreamConverter' : inherits 'std::basic_ostream<_Elem,_Traits>::std::basic_ostream<_Elem,_Traits>::_Add_vtordisp2' via dominance
          with
          [
              _Elem=char,
              _Traits=std::char_traits<char>
          ]
          C:\Program Files\Microsoft Visual Studio 11.0\VC\include\ostream(90) : see declaration of 'std::basic_ostream<_Elem,_Traits>::_Add_vtordisp2'
          with
          [
              _Elem=char,
              _Traits=std::char_traits<char>
          ]
  Generating Code...
  Compiling...
  ofxUIValuePlotter.cpp
C:\Users\IEUser\oF\v0.8.4\libs\poco\include\Poco/StreamConverter.h(126): warning C4250: 'Poco::InputStreamConverter' : inherits 'std::basic_istream<_Elem,_Traits>::std::basic_istream<_Elem,_Traits>::_Add_vtordisp1' via dominance
          with
          [
              _Elem=char,
              _Traits=std::char_traits<char>
          ]
          C:\Program Files\Microsoft Visual Studio 11.0\VC\include\istream(74) : see declaration of 'std::basic_istream<_Elem,_Traits>::_Add_vtordisp1'
          with
          [
              _Elem=char,
              _Traits=std::char_traits<char>
          ]
C:\Users\IEUser\oF\v0.8.4\libs\poco\include\Poco/StreamConverter.h(144): warning C4250: 'Poco::OutputStreamConverter' : inherits 'std::basic_ostream<_Elem,_Traits>::std::basic_ostream<_Elem,_Traits>::_Add_vtordisp2' via dominance
          with
          [
              _Elem=char,
              _Traits=std::char_traits<char>
          ]
          C:\Program Files\Microsoft Visual Studio 11.0\VC\include\ostream(90) : see declaration of 'std::basic_ostream<_Elem,_Traits>::_Add_vtordisp2'
          with
          [
              _Elem=char,
              _Traits=std::char_traits<char>
          ]
  ofxUIWaveform.cpp
C:\Users\IEUser\oF\v0.8.4\libs\poco\include\Poco/StreamConverter.h(126): warning C4250: 'Poco::InputStreamConverter' : inherits 'std::basic_istream<_Elem,_Traits>::std::basic_istream<_Elem,_Traits>::_Add_vtordisp1' via dominance
          with
          [
              _Elem=char,
              _Traits=std::char_traits<char>
          ]
          C:\Program Files\Microsoft Visual Studio 11.0\VC\include\istream(74) : see declaration of 'std::basic_istream<_Elem,_Traits>::_Add_vtordisp1'
          with
          [
              _Elem=char,
              _Traits=std::char_traits<char>
          ]
C:\Users\IEUser\oF\v0.8.4\libs\poco\include\Poco/StreamConverter.h(144): warning C4250: 'Poco::OutputStreamConverter' : inherits 'std::basic_ostream<_Elem,_Traits>::std::basic_ostream<_Elem,_Traits>::_Add_vtordisp2' via dominance
          with
          [
              _Elem=char,
              _Traits=std::char_traits<char>
          ]
          C:\Program Files\Microsoft Visual Studio 11.0\VC\include\ostream(90) : see declaration of 'std::basic_ostream<_Elem,_Traits>::_Add_vtordisp2'
          with
          [
              _Elem=char,
              _Traits=std::char_traits<char>
          ]
  ofxUIWidget.cpp
C:\Users\IEUser\oF\v0.8.4\libs\poco\include\Poco/StreamConverter.h(126): warning C4250: 'Poco::InputStreamConverter' : inherits 'std::basic_istream<_Elem,_Traits>::std::basic_istream<_Elem,_Traits>::_Add_vtordisp1' via dominance
          with
          [
              _Elem=char,
              _Traits=std::char_traits<char>
          ]
          C:\Program Files\Microsoft Visual Studio 11.0\VC\include\istream(74) : see declaration of 'std::basic_istream<_Elem,_Traits>::_Add_vtordisp1'
          with
          [
              _Elem=char,
              _Traits=std::char_traits<char>
          ]
C:\Users\IEUser\oF\v0.8.4\libs\poco\include\Poco/StreamConverter.h(144): warning C4250: 'Poco::OutputStreamConverter' : inherits 'std::basic_ostream<_Elem,_Traits>::std::basic_ostream<_Elem,_Traits>::_Add_vtordisp2' via dominance
          with
          [
              _Elem=char,
              _Traits=std::char_traits<char>
          ]
          C:\Program Files\Microsoft Visual Studio 11.0\VC\include\ostream(90) : see declaration of 'std::basic_ostream<_Elem,_Traits>::_Add_vtordisp2'
          with
          [
              _Elem=char,
              _Traits=std::char_traits<char>
          ]
  ofxUIWidgetWithLabel.cpp
C:\Users\IEUser\oF\v0.8.4\libs\poco\include\Poco/StreamConverter.h(126): warning C4250: 'Poco::InputStreamConverter' : inherits 'std::basic_istream<_Elem,_Traits>::std::basic_istream<_Elem,_Traits>::_Add_vtordisp1' via dominance
          with
          [
              _Elem=char,
              _Traits=std::char_traits<char>
          ]
          C:\Program Files\Microsoft Visual Studio 11.0\VC\include\istream(74) : see declaration of 'std::basic_istream<_Elem,_Traits>::_Add_vtordisp1'
          with
          [
              _Elem=char,
              _Traits=std::char_traits<char>
          ]
C:\Users\IEUser\oF\v0.8.4\libs\poco\include\Poco/StreamConverter.h(144): warning C4250: 'Poco::OutputStreamConverter' : inherits 'std::basic_ostream<_Elem,_Traits>::std::basic_ostream<_Elem,_Traits>::_Add_vtordisp2' via dominance
          with
          [
              _Elem=char,
              _Traits=std::char_traits<char>
          ]
          C:\Program Files\Microsoft Visual Studio 11.0\VC\include\ostream(90) : see declaration of 'std::basic_ostream<_Elem,_Traits>::_Add_vtordisp2'
          with
          [
              _Elem=char,
              _Traits=std::char_traits<char>
          ]
  ofAppUtils.cpp
C:\Users\IEUser\oF\v0.8.4\libs\poco\include\Poco/StreamConverter.h(126): warning C4250: 'Poco::InputStreamConverter' : inherits 'std::basic_istream<_Elem,_Traits>::std::basic_istream<_Elem,_Traits>::_Add_vtordisp1' via dominance
          with
          [
              _Elem=char,
              _Traits=std::char_traits<char>
          ]
          C:\Program Files\Microsoft Visual Studio 11.0\VC\include\istream(74) : see declaration of 'std::basic_istream<_Elem,_Traits>::_Add_vtordisp1'
          with
          [
              _Elem=char,
              _Traits=std::char_traits<char>
          ]
C:\Users\IEUser\oF\v0.8.4\libs\poco\include\Poco/StreamConverter.h(144): warning C4250: 'Poco::OutputStreamConverter' : inherits 'std::basic_ostream<_Elem,_Traits>::std::basic_ostream<_Elem,_Traits>::_Add_vtordisp2' via dominance
          with
          [
              _Elem=char,
              _Traits=std::char_traits<char>
          ]
          C:\Program Files\Microsoft Visual Studio 11.0\VC\include\ostream(90) : see declaration of 'std::basic_ostream<_Elem,_Traits>::_Add_vtordisp2'
          with
          [
              _Elem=char,
              _Traits=std::char_traits<char>
          ]
c:\users\ieuser\of\v0.8.4\addons\ofxassimpmodelloader\libs\assimp\include\aiMesh.h(459): warning C4099: 'aiMesh' : type name first seen using 'class' now seen using 'struct'
          c:\users\ieuser\of\v0.8.4\addons\ofxassimpmodelloader\src\ofxAssimpMeshHelper.h(12) : see declaration of 'aiMesh'
C:\Users\IEUser\oF\v0.8.4\addons\ofxAssimpModelLoader\src\ofxAssimpModelLoader.h(22): warning C4099: 'aiScene' : type name first seen using 'struct' now seen using 'class'
          C:\Users\IEUser\oF\v0.8.4\addons\ofxAssimpModelLoader\libs\assimp\include\aiScene.h(228) : see declaration of 'aiScene'
C:\Users\IEUser\oF\v0.8.4\addons\ofxAssimpModelLoader\src\ofxAssimpModelLoader.h(23): warning C4099: 'aiNode' : type name first seen using 'struct' now seen using 'class'
          C:\Users\IEUser\oF\v0.8.4\addons\ofxAssimpModelLoader\libs\assimp\include\aiScene.h(70) : see declaration of 'aiNode'
C:\Users\IEUser\oF\v0.8.4\addons\ofxAssimpModelLoader\src\ofxAssimpModelLoader.h(132): warning C4099: 'aiVector3D' : type name first seen using 'class' now seen using 'struct'
          c:\users\ieuser\of\v0.8.4\addons\ofxassimpmodelloader\libs\assimp\include\aiVector3D.h(61) : see declaration of 'aiVector3D'
          c:\users\ieuser\of\v0.8.4\addons\ofxassimpmodelloader\libs\assimp\include\aiVector3D.h(61) : see declaration of 'aiVector3D'
C:\Users\IEUser\oF\v0.8.4\addons\ofxAssimpModelLoader\src\ofxAssimpModelLoader.h(133): warning C4099: 'aiVector3D' : type name first seen using 'class' now seen using 'struct'
          c:\users\ieuser\of\v0.8.4\addons\ofxassimpmodelloader\libs\assimp\include\aiVector3D.h(61) : see declaration of 'aiVector3D'
          c:\users\ieuser\of\v0.8.4\addons\ofxassimpmodelloader\libs\assimp\include\aiVector3D.h(61) : see declaration of 'aiVector3D'
  Generating Code...
ResourceCompile:
  C:\Program Files\Windows Kits\8.0\bin\x86\rc.exe /D _UNICODE /D UNICODE /l"0x0409" /nologo /fo"obj\Release\icon.res" icon.rc 
Link:
  C:\Program Files\Microsoft Visual Studio 11.0\VC\bin\link.exe /ERRORREPORT:PROMPT /OUT:"bin\VirtualMapper.exe" /INCREMENTAL:NO /NOLOGO /LIBPATH:..\..\..\libs\glut\lib\vs /LIBPATH:..\..\..\libs\glfw\lib\vs /LIBPATH:..\..\..\libs\rtAudio\lib\vs /LIBPATH:..\..\..\libs\FreeImage\lib\vs /LIBPATH:..\..\..\libs\freetype\lib\vs /LIBPATH:..\..\..\libs\quicktime\lib\vs /LIBPATH:..\..\..\libs\fmodex\lib\vs /LIBPATH:..\..\..\libs\videoInput\lib\vs /LIBPATH:..\..\..\libs\cairo\lib\vs /LIBPATH:..\..\..\libs\glew\lib\vs /LIBPATH:..\..\..\libs\glu\lib\vs /LIBPATH:..\..\..\libs\openssl\lib\vs /LIBPATH:..\..\..\libs\Poco\lib\vs /LIBPATH:..\..\..\libs\tess2\lib\vs /LIBPATH:..\..\..\addons\ofxAssimpModelLoader\libs\assimp\lib\vs "cairo-static.lib" "pixman-1.lib" msimg32.lib OpenGL32.lib GLu32.lib kernel32.lib setupapi.lib Vfw32.lib comctl32.lib glut32.lib rtAudio.lib videoInput.lib libfreetype.lib FreeImage.lib qtmlClient.lib dsound.lib user32.lib gdi32.lib winspool.lib comdlg32.lib advapi32.lib shell32.lib ole32.lib oleaut32.lib uuid.lib glew32s.lib fmodex_vc.lib glu32.lib crypt32.lib libeay32MD.lib ssleay32MD.lib PocoFoundationmd.lib PocoNetmd.lib PocoUtilmd.lib PocoXMLmd.lib Ws2_32.lib tess2.lib glfw3.lib kernel32.lib user32.lib gdi32.lib winspool.lib comdlg32.lib advapi32.lib shell32.lib ole32.lib oleaut32.lib uuid.lib odbc32.lib odbccp32.lib assimp.lib /NODEFAULTLIB:PocoFoundationd.lib /NODEFAULTLIB:atlthunk.lib /NODEFAULTLIB:LIBC.lib /NODEFAULTLIB:LIBCMT /MANIFEST /MANIFESTUAC:"level='asInvoker' uiAccess='false'" /manifest:embed /PDB:"bin\VirtualMapper.pdb" /SUBSYSTEM:CONSOLE /OPT:REF /OPT:ICF /LTCG /TLBID:1 /DYNAMICBASE:NO /NXCOMPAT /IMPLIB:"bin\VirtualMapper.lib" /MACHINE:X86 /SAFESEH obj\Release\icon.res
  obj\Release\main.obj
  obj\Release\ofApp.obj
  obj\Release\ofxAssimpAnimation.obj
  obj\Release\ofxAssimpMeshHelper.obj
  obj\Release\ofxAssimpModelLoader.obj
  obj\Release\ofxAssimpTexture.obj
  obj\Release\ofxXmlSettings.obj
  obj\Release\tinyxml.obj
  obj\Release\tinyxmlerror.obj
  obj\Release\tinyxmlparser.obj
  obj\Release\ofxGrabCam.obj
  obj\Release\SpoutDirectX.obj
  obj\Release\SpoutGLDXinterop.obj
  obj\Release\SpoutGLextensions.obj
  obj\Release\SpoutMemoryShare.obj
  obj\Release\SpoutReceiver.obj
  obj\Release\SpoutSDK.obj
  obj\Release\SpoutSender.obj
  obj\Release\SpoutSenderNames.obj
  obj\Release\SpoutSharedMemory.obj
  obj\Release\ofxUI2DGraph.obj
  obj\Release\ofxUI2DPad.obj
  obj\Release\ofxUIBaseDraws.obj
  obj\Release\ofxUIBiLabelSlider.obj
  obj\Release\ofxUIButton.obj
  obj\Release\ofxUICanvas.obj
  obj\Release\ofxUICircleSlider.obj
  obj\Release\ofxUIDragableLabelButton.obj
  obj\Release\ofxUIDropDownList.obj
  obj\Release\ofxUIEventArgs.obj
  obj\Release\ofxUIFPS.obj
  obj\Release\ofxUIFPSSlider.obj
  obj\Release\ofxUIImage.obj
  obj\Release\ofxUIImageButton.obj
  obj\Release\ofxUIImageSampler.obj
  obj\Release\ofxUIImageSlider.obj
  obj\Release\ofxUIImageToggle.obj
  obj\Release\ofxUILabel.obj
  obj\Release\ofxUILabelButton.obj
  obj\Release\ofxUILabelToggle.obj
  obj\Release\ofxUIMinimalSlider.obj
  obj\Release\ofxUIMovingGraph.obj
  obj\Release\ofxUIMultiImageButton.obj
  obj\Release\ofxUIMultiImageToggle.obj
  obj\Release\ofxUINumberDialer.obj
  obj\Release\ofxUIRadio.obj
  obj\Release\ofxUIRangeSlider.obj
  obj\Release\ofxUIRectangle.obj
  obj\Release\ofxUIRotarySlider.obj
  obj\Release\ofxUIScrollableCanvas.obj
  obj\Release\ofxUISlider.obj
  obj\Release\ofxUISortableList.obj
  obj\Release\ofxUISpacer.obj
  obj\Release\ofxUISpectrum.obj
  obj\Release\ofxUISuperCanvas.obj
  obj\Release\ofxUITabBar.obj
  obj\Release\ofxUITextArea.obj
  obj\Release\ofxUITextInput.obj
  obj\Release\ofxUIToggle.obj
  obj\Release\ofxUIToggleMatrix.obj
  obj\Release\ofxUIValuePlotter.obj
  obj\Release\ofxUIWaveform.obj
  obj\Release\ofxUIWidget.obj
  obj\Release\ofxUIWidgetWithLabel.obj
  obj\Release\ofAppUtils.obj
  C:\Users\IEUser\oF\v0.8.4\libs\openFrameworksCompiled\lib\vs\openframeworksLib.lib
     Creating library bin\VirtualMapper.lib and object bin\VirtualMapper.exp
  LINK : /LTCG specified but no code generation required; remove /LTCG from the link command line to improve linker performance
  VirtualMapper.vcxproj -> C:\Users\IEUser\oF\v0.8.4\apps\myApps\VirtualMapper\bin\VirtualMapper.exe
PostBuildEvent:
  xcopy /e /i /y "C:\Users\IEUser\oF\v0.8.4\apps\myApps\VirtualMapper\..\..\..\export\vs\*.dll" "C:\Users\IEUser\oF\v0.8.4\apps\myApps\VirtualMapper\bin"
  :VCEnd
  C:\Users\IEUser\oF\v0.8.4\apps\myApps\VirtualMapper\..\..\..\export\vs\Assimp32.dll
  C:\Users\IEUser\oF\v0.8.4\apps\myApps\VirtualMapper\..\..\..\export\vs\fmodex.dll
  C:\Users\IEUser\oF\v0.8.4\apps\myApps\VirtualMapper\..\..\..\export\vs\fmodexL.dll
  C:\Users\IEUser\oF\v0.8.4\apps\myApps\VirtualMapper\..\..\..\export\vs\FreeImage.dll
  C:\Users\IEUser\oF\v0.8.4\apps\myApps\VirtualMapper\..\..\..\export\vs\FreeType-6.dll
  C:\Users\IEUser\oF\v0.8.4\apps\myApps\VirtualMapper\..\..\..\export\vs\glut32.dll
  C:\Users\IEUser\oF\v0.8.4\apps\myApps\VirtualMapper\..\..\..\export\vs\libeay32.dll
  C:\Users\IEUser\oF\v0.8.4\apps\myApps\VirtualMapper\..\..\..\export\vs\ssleay32.dll
  C:\Users\IEUser\oF\v0.8.4\apps\myApps\VirtualMapper\..\..\..\export\vs\Zlib.dll
  9 File(s) copied
Done Building Project "C:\Users\IEUser\oF\v0.8.4\apps\myApps\VirtualMapper\VirtualMapper.vcxproj" (Build target(s)).

Build succeeded.

Time Elapsed 00:03:13.52
